Using pre-set license

 COMMAND LINE ARGUMENTS:
/Applications/Unity/Hub/Editor/2020.2.1f1/Unity.app/Contents/MacOS/Unity
-adb2
-batchMode
-noUpm
-name
AssetImportWorker0
-projectPath
/Users/fujiyoshi_junichiro/Documents/GitHub/TheCardGameEx
-logFile
Logs/AssetImportWorker0.log
-srvPort
51105
Successfully changed project path to: /Users/fujiyoshi_junichiro/Documents/GitHub/TheCardGameEx
/Users/fujiyoshi_junichiro/Documents/GitHub/TheCardGameEx
Using Asset Import Pipeline V2.
Refreshing native plugins compatible for Editor in 32.78 ms, found 2 plugins.
Preloading 0 native plugins for Editor in 0.00 ms.
Initialize engine version: 2020.2.1f1 (270dd8c3da1c)
[Subsystems] Discovering subsystems at path /Applications/Unity/Hub/Editor/2020.2.1f1/Unity.app/Contents/Resources/UnitySubsystems
[Subsystems] Discovering subsystems at path /Users/fujiyoshi_junichiro/Documents/GitHub/TheCardGameEx/Assets
GfxDevice: creating device client; threaded=0
2022-01-27 15:09:11.930 Unity[37521:4342772] (null) preferred device: Apple M1 Pro (high power)
2022-01-27 15:09:11.930 Unity[37521:4342772] Metal devices available: 1
2022-01-27 15:09:11.930 Unity[37521:4342772] 0: Apple M1 Pro (high power)
2022-01-27 15:09:11.931 Unity[37521:4342772] Using device Apple M1 Pro (high power)
Initializing Metal device caps: Apple M1 Pro
Initialize mono
Mono path[0] = '/Applications/Unity/Hub/Editor/2020.2.1f1/Unity.app/Contents/Managed'
Mono path[1] = '/Applications/Unity/Hub/Editor/2020.2.1f1/Unity.app/Contents/MonoBleedingEdge/lib/mono/unityjit'
Mono config path = '/Applications/Unity/Hub/Editor/2020.2.1f1/Unity.app/Contents/MonoBleedingEdge/etc'
Using monoOptions --debugger-agent=transport=dt_socket,embedding=1,server=y,suspend=n,address=127.0.0.1:56521
Begin MonoManager ReloadAssembly
Registering precompiled unity dll's ...
Register platform support module: /Applications/Unity/Hub/Editor/2020.2.1f1/PlaybackEngines/WebGLSupport/UnityEditor.WebGL.Extensions.dll
Register platform support module: /Applications/Unity/Hub/Editor/2020.2.1f1/Unity.app/Contents/PlaybackEngines/MacStandaloneSupport/UnityEditor.OSXStandalone.Extensions.dll
Registered in 0.002391 seconds.
Native extension for OSXStandalone target not found
Native extension for WebGL target not found
Refreshing native plugins compatible for Editor in 34.80 ms, found 2 plugins.
Preloading 0 native plugins for Editor in 0.00 ms.
Invoked RoslynAnalysisRunner static constructor.
RoslynAnalysisRunner will not be running.
RoslynAnalysisRunner has terminated.
Mono: successfully reloaded assembly
- Completed reload, in  2.925 seconds
Platform modules already initialized, skipping
Registering precompiled user dll's ...
Registered in 0.000751 seconds.
Begin MonoManager ReloadAssembly
Native extension for OSXStandalone target not found
Native extension for WebGL target not found
Refreshing native plugins compatible for Editor in 33.23 ms, found 2 plugins.
Preloading 0 native plugins for Editor in 0.00 ms.
Invoked RoslynAnalysisRunner static constructor.
RoslynAnalysisRunner will not be running.
RoslynAnalysisRunner has terminated.
Mono: successfully reloaded assembly
- Completed reload, in  1.731 seconds
Platform modules already initialized, skipping
========================================================================
Worker process is ready to serve import requests
Launching external process: /Applications/Unity/Hub/Editor/2020.2.1f1/Unity.app/Contents/Tools/UnityShaderCompiler
Launched and connected shader compiler UnityShaderCompiler after 0.03 seconds
Refreshing native plugins compatible for Editor in 0.33 ms, found 2 plugins.
Preloading 0 native plugins for Editor in 0.00 ms.
Unloading 1791 Unused Serialized files (Serialized files now loaded: 0)
System memory in use before: 151.4 MB.
System memory in use after: 151.5 MB.

Unloading 19 unused Assets to reduce memory usage. Loaded Objects now: 2235.
Total: 1.623208 ms (FindLiveObjects: 0.176708 ms CreateObjectMapping: 0.037375 ms MarkObjects: 1.346375 ms  DeleteObjects: 0.061541 ms)

========================================================================
Received Import Request.
  path: Assets/Scenes/Game.unity
  artifactKey: Guid(82638d6a26ae744ff927cd4b547325af) Importer(815301076,1909f56bfc062723c751e8b465ee728b)
Start importing Assets/Scenes/Game.unity using Guid(82638d6a26ae744ff927cd4b547325af) Importer(815301076,1909f56bfc062723c751e8b465ee728b)  -> (artifact id: '6e0a9ee2c1f5f281f12cc0be0aaeafa1') in 0.016031 seconds
  Import took 0.018639 seconds .

========================================================================
Received Import Request.
  Time since last request: 0.000212 seconds.
  path: Assets/Aekashics Librarium - Megapack III
  artifactKey: Guid(16eca7491dcd74fec93e6540664d89e5) Importer(815301076,1909f56bfc062723c751e8b465ee728b)
Start importing Assets/Aekashics Librarium - Megapack III using Guid(16eca7491dcd74fec93e6540664d89e5) Importer(815301076,1909f56bfc062723c751e8b465ee728b)  -> (artifact id: '4933a44f0ac74c232c42c137046da147') in 0.000449 seconds
  Import took 0.002099 seconds .

========================================================================
Received Import Request.
  Time since last request: 20.838338 seconds.
  path: Assets/Scripts/CardController.cs
  artifactKey: Guid(a6b8ab4ecfe9e48f7bb152066938a655) Importer(815301076,1909f56bfc062723c751e8b465ee728b)
Start importing Assets/Scripts/CardController.cs using Guid(a6b8ab4ecfe9e48f7bb152066938a655) Importer(815301076,1909f56bfc062723c751e8b465ee728b)  -> (artifact id: '1bcc28fcbf9afe92b92dbc61c61f9a61') in 0.131670 seconds
  Import took 0.134015 seconds .

========================================================================
Received Import Request.
  Time since last request: 0.613584 seconds.
  path: Assets/Scripts/CardEntity.cs
  artifactKey: Guid(9093f9db0f74543ae8d870116991d801) Importer(815301076,1909f56bfc062723c751e8b465ee728b)
Start importing Assets/Scripts/CardEntity.cs using Guid(9093f9db0f74543ae8d870116991d801) Importer(815301076,1909f56bfc062723c751e8b465ee728b)  -> (artifact id: '7182c0a9e36d4f4507292bf784828b51') in 0.001940 seconds
  Import took 0.004594 seconds .

========================================================================
Received Import Request.
  Time since last request: 0.006323 seconds.
  path: Assets/Scripts/CardEntity.cs
  artifactKey: Guid(9093f9db0f74543ae8d870116991d801) Importer(815301076,1909f56bfc062723c751e8b465ee728b)
Start importing Assets/Scripts/CardEntity.cs using Guid(9093f9db0f74543ae8d870116991d801) Importer(815301076,1909f56bfc062723c751e8b465ee728b)  -> (artifact id: '7182c0a9e36d4f4507292bf784828b51') in 0.000937 seconds
  Import took 0.003372 seconds .

========================================================================
Received Import Request.
  Time since last request: 0.760437 seconds.
  path: Assets/Scripts/GameManager.cs
  artifactKey: Guid(11259f37a4ce14482b46fbc96c2a9ff5) Importer(815301076,1909f56bfc062723c751e8b465ee728b)
Start importing Assets/Scripts/GameManager.cs using Guid(11259f37a4ce14482b46fbc96c2a9ff5) Importer(815301076,1909f56bfc062723c751e8b465ee728b)  -> (artifact id: '5ba6a4bf64c692e6d052f0b2f2aa485a') in 0.002052 seconds
  Import took 0.006382 seconds .

========================================================================
Received Import Request.
  Time since last request: 0.001394 seconds.
  path: Assets/Scripts/GameManager.cs
  artifactKey: Guid(11259f37a4ce14482b46fbc96c2a9ff5) Importer(815301076,1909f56bfc062723c751e8b465ee728b)
Start importing Assets/Scripts/GameManager.cs using Guid(11259f37a4ce14482b46fbc96c2a9ff5) Importer(815301076,1909f56bfc062723c751e8b465ee728b)  -> (artifact id: '5ba6a4bf64c692e6d052f0b2f2aa485a') in 0.001106 seconds
  Import took 0.003976 seconds .

========================================================================
Received Prepare
Registering precompiled user dll's ...
Registered in 0.000771 seconds.
Begin MonoManager ReloadAssembly
Native extension for OSXStandalone target not found
Native extension for WebGL target not found
Refreshing native plugins compatible for Editor in 0.37 ms, found 2 plugins.
Preloading 0 native plugins for Editor in 0.00 ms.
Invoked RoslynAnalysisRunner static constructor.
RoslynAnalysisRunner will not be running.
RoslynAnalysisRunner has terminated.
Mono: successfully reloaded assembly
- Completed reload, in  1.786 seconds
Platform modules already initialized, skipping
Refreshing native plugins compatible for Editor in 0.31 ms, found 2 plugins.
Preloading 0 native plugins for Editor in 0.00 ms.
Unloading 1781 Unused Serialized files (Serialized files now loaded: 0)
System memory in use before: 155.5 MB.
System memory in use after: 155.6 MB.

Unloading 7 unused Assets to reduce memory usage. Loaded Objects now: 2238.
Total: 1.563667 ms (FindLiveObjects: 0.217625 ms CreateObjectMapping: 0.083000 ms MarkObjects: 1.242458 ms  DeleteObjects: 0.019750 ms)

========================================================================
Received Import Request.
  Time since last request: 54.271694 seconds.
  path: Assets/Scripts/GameManager.cs
  artifactKey: Guid(11259f37a4ce14482b46fbc96c2a9ff5) Importer(815301076,1909f56bfc062723c751e8b465ee728b)
Start importing Assets/Scripts/GameManager.cs using Guid(11259f37a4ce14482b46fbc96c2a9ff5) Importer(815301076,1909f56bfc062723c751e8b465ee728b)  -> (artifact id: 'b479169fb3de43da2f598d897400eb56') in 0.013434 seconds
  Import took 0.017070 seconds .

========================================================================
Received Prepare
Registering precompiled user dll's ...
Registered in 0.000449 seconds.
Begin MonoManager ReloadAssembly
Native extension for OSXStandalone target not found
Native extension for WebGL target not found
Refreshing native plugins compatible for Editor in 0.36 ms, found 2 plugins.
Preloading 0 native plugins for Editor in 0.00 ms.
Invoked RoslynAnalysisRunner static constructor.
RoslynAnalysisRunner will not be running.
RoslynAnalysisRunner has terminated.
Mono: successfully reloaded assembly
- Completed reload, in  1.664 seconds
Platform modules already initialized, skipping
Refreshing native plugins compatible for Editor in 0.25 ms, found 2 plugins.
Preloading 0 native plugins for Editor in 0.00 ms.
Unloading 1781 Unused Serialized files (Serialized files now loaded: 0)
System memory in use before: 155.8 MB.
System memory in use after: 155.9 MB.

Unloading 7 unused Assets to reduce memory usage. Loaded Objects now: 2241.
Total: 1.597166 ms (FindLiveObjects: 0.155292 ms CreateObjectMapping: 0.079750 ms MarkObjects: 1.344500 ms  DeleteObjects: 0.016667 ms)

========================================================================
Received Prepare
Registering precompiled user dll's ...
Registered in 0.000714 seconds.
Begin MonoManager ReloadAssembly
Native extension for OSXStandalone target not found
Native extension for WebGL target not found
Refreshing native plugins compatible for Editor in 0.37 ms, found 2 plugins.
Preloading 0 native plugins for Editor in 0.00 ms.
Invoked RoslynAnalysisRunner static constructor.
RoslynAnalysisRunner will not be running.
RoslynAnalysisRunner has terminated.
Mono: successfully reloaded assembly
- Completed reload, in  1.785 seconds
Platform modules already initialized, skipping
Refreshing native plugins compatible for Editor in 0.30 ms, found 2 plugins.
Preloading 0 native plugins for Editor in 0.00 ms.
Unloading 1781 Unused Serialized files (Serialized files now loaded: 0)
System memory in use before: 156.2 MB.
System memory in use after: 156.3 MB.

Unloading 7 unused Assets to reduce memory usage. Loaded Objects now: 2244.
Total: 1.414750 ms (FindLiveObjects: 0.118042 ms CreateObjectMapping: 0.078666 ms MarkObjects: 1.198709 ms  DeleteObjects: 0.015625 ms)

========================================================================
Received Import Request.
  Time since last request: 93.349979 seconds.
  path: Assets/Scripts/CardView.cs
  artifactKey: Guid(a281301df42d74716836eb27f6231fc0) Importer(815301076,1909f56bfc062723c751e8b465ee728b)
Start importing Assets/Scripts/CardView.cs using Guid(a281301df42d74716836eb27f6231fc0) Importer(815301076,1909f56bfc062723c751e8b465ee728b)  -> (artifact id: '4ce87a6780dec6834c62f79c7456653b') in 0.006726 seconds
  Import took 0.009271 seconds .

========================================================================
Received Prepare
Registering precompiled user dll's ...
Registered in 0.000728 seconds.
Begin MonoManager ReloadAssembly
Native extension for OSXStandalone target not found
Native extension for WebGL target not found
Refreshing native plugins compatible for Editor in 0.38 ms, found 2 plugins.
Preloading 0 native plugins for Editor in 0.00 ms.
Invoked RoslynAnalysisRunner static constructor.
RoslynAnalysisRunner will not be running.
RoslynAnalysisRunner has terminated.
Mono: successfully reloaded assembly
- Completed reload, in  1.767 seconds
Platform modules already initialized, skipping
Refreshing native plugins compatible for Editor in 0.22 ms, found 2 plugins.
Preloading 0 native plugins for Editor in 0.00 ms.
Unloading 1782 Unused Serialized files (Serialized files now loaded: 0)
System memory in use before: 156.6 MB.
System memory in use after: 156.7 MB.

Unloading 7 unused Assets to reduce memory usage. Loaded Objects now: 2248.
Total: 1.438375 ms (FindLiveObjects: 0.202416 ms CreateObjectMapping: 0.075875 ms MarkObjects: 1.145167 ms  DeleteObjects: 0.012458 ms)

========================================================================
Received Import Request.
  Time since last request: 20.879668 seconds.
  path: Assets/Scripts/CardView.cs
  artifactKey: Guid(a281301df42d74716836eb27f6231fc0) Importer(815301076,1909f56bfc062723c751e8b465ee728b)
Start importing Assets/Scripts/CardView.cs using Guid(a281301df42d74716836eb27f6231fc0) Importer(815301076,1909f56bfc062723c751e8b465ee728b)  -> (artifact id: 'db73f37cc0d2ef8d28ce6d6aa2f38984') in 0.005904 seconds
  Import took 0.008681 seconds .

========================================================================
Received Prepare
Registering precompiled user dll's ...
Registered in 0.000671 seconds.
Begin MonoManager ReloadAssembly
Native extension for OSXStandalone target not found
Native extension for WebGL target not found
Refreshing native plugins compatible for Editor in 0.37 ms, found 2 plugins.
Preloading 0 native plugins for Editor in 0.00 ms.
Invoked RoslynAnalysisRunner static constructor.
RoslynAnalysisRunner will not be running.
RoslynAnalysisRunner has terminated.
Mono: successfully reloaded assembly
- Completed reload, in  1.640 seconds
Platform modules already initialized, skipping
Refreshing native plugins compatible for Editor in 0.22 ms, found 2 plugins.
Preloading 0 native plugins for Editor in 0.00 ms.
Unloading 1782 Unused Serialized files (Serialized files now loaded: 0)
System memory in use before: 156.9 MB.
System memory in use after: 157.0 MB.

Unloading 7 unused Assets to reduce memory usage. Loaded Objects now: 2251.
Total: 1.405125 ms (FindLiveObjects: 0.143209 ms CreateObjectMapping: 0.078583 ms MarkObjects: 1.158833 ms  DeleteObjects: 0.023541 ms)

========================================================================
Received Import Request.
  Time since last request: 35.373341 seconds.
  path: Assets/Scripts/CardView.cs
  artifactKey: Guid(a281301df42d74716836eb27f6231fc0) Importer(815301076,1909f56bfc062723c751e8b465ee728b)
Start importing Assets/Scripts/CardView.cs using Guid(a281301df42d74716836eb27f6231fc0) Importer(815301076,1909f56bfc062723c751e8b465ee728b)  -> (artifact id: 'e6675454ebf55471f19374113fe9ecf9') in 0.006549 seconds
  Import took 0.009016 seconds .

========================================================================
Received Import Request.
  Time since last request: 30.160089 seconds.
  path: Assets/Scripts/CardView.cs
  artifactKey: Guid(a281301df42d74716836eb27f6231fc0) Importer(815301076,1909f56bfc062723c751e8b465ee728b)
Start importing Assets/Scripts/CardView.cs using Guid(a281301df42d74716836eb27f6231fc0) Importer(815301076,1909f56bfc062723c751e8b465ee728b)  -> (artifact id: '5851234050a39190ffd3a9fa68e43474') in 0.000995 seconds
  Import took 0.004037 seconds .

========================================================================
Received Prepare
Registering precompiled user dll's ...
Registered in 0.001394 seconds.
Begin MonoManager ReloadAssembly
Native extension for OSXStandalone target not found
Native extension for WebGL target not found
Refreshing native plugins compatible for Editor in 0.48 ms, found 2 plugins.
Preloading 0 native plugins for Editor in 0.00 ms.
Invoked RoslynAnalysisRunner static constructor.
RoslynAnalysisRunner will not be running.
RoslynAnalysisRunner has terminated.
Mono: successfully reloaded assembly
- Completed reload, in  1.628 seconds
Platform modules already initialized, skipping
Refreshing native plugins compatible for Editor in 0.23 ms, found 2 plugins.
Preloading 0 native plugins for Editor in 0.00 ms.
Unloading 1782 Unused Serialized files (Serialized files now loaded: 0)
System memory in use before: 157.2 MB.
System memory in use after: 157.3 MB.

Unloading 7 unused Assets to reduce memory usage. Loaded Objects now: 2254.
Total: 1.392167 ms (FindLiveObjects: 0.121750 ms CreateObjectMapping: 0.083458 ms MarkObjects: 1.169834 ms  DeleteObjects: 0.016000 ms)

========================================================================
Received Import Request.
  Time since last request: 88.086119 seconds.
  path: Assets/Scripts/CardView.cs
  artifactKey: Guid(a281301df42d74716836eb27f6231fc0) Importer(815301076,1909f56bfc062723c751e8b465ee728b)
Start importing Assets/Scripts/CardView.cs using Guid(a281301df42d74716836eb27f6231fc0) Importer(815301076,1909f56bfc062723c751e8b465ee728b)  -> (artifact id: 'b159978c377cb3f3f689ff2d25d70b9b') in 0.006186 seconds
  Import took 0.009251 seconds .

========================================================================
Received Prepare
Registering precompiled user dll's ...
Registered in 0.000688 seconds.
Begin MonoManager ReloadAssembly
Native extension for OSXStandalone target not found
Native extension for WebGL target not found
Refreshing native plugins compatible for Editor in 0.37 ms, found 2 plugins.
Preloading 0 native plugins for Editor in 0.00 ms.
Invoked RoslynAnalysisRunner static constructor.
RoslynAnalysisRunner will not be running.
RoslynAnalysisRunner has terminated.
Mono: successfully reloaded assembly
- Completed reload, in  1.685 seconds
Platform modules already initialized, skipping
Refreshing native plugins compatible for Editor in 0.24 ms, found 2 plugins.
Preloading 0 native plugins for Editor in 0.00 ms.
Unloading 1782 Unused Serialized files (Serialized files now loaded: 0)
System memory in use before: 157.5 MB.
System memory in use after: 157.6 MB.

Unloading 7 unused Assets to reduce memory usage. Loaded Objects now: 2257.
Total: 1.444750 ms (FindLiveObjects: 0.133041 ms CreateObjectMapping: 0.079000 ms MarkObjects: 1.214292 ms  DeleteObjects: 0.017417 ms)

========================================================================
Received Import Request.
  Time since last request: 157.786599 seconds.
  path: Assets/Scripts/CardView.cs
  artifactKey: Guid(a281301df42d74716836eb27f6231fc0) Importer(815301076,1909f56bfc062723c751e8b465ee728b)
Start importing Assets/Scripts/CardView.cs using Guid(a281301df42d74716836eb27f6231fc0) Importer(815301076,1909f56bfc062723c751e8b465ee728b)  -> (artifact id: '98f79c5e45b211765cfcc4e1ba04962f') in 0.005673 seconds
  Import took 0.008217 seconds .

========================================================================
Received Import Request.
  Time since last request: 35.533698 seconds.
  path: Assets/Scripts/CardView.cs
  artifactKey: Guid(a281301df42d74716836eb27f6231fc0) Importer(815301076,1909f56bfc062723c751e8b465ee728b)
Start importing Assets/Scripts/CardView.cs using Guid(a281301df42d74716836eb27f6231fc0) Importer(815301076,1909f56bfc062723c751e8b465ee728b)  -> (artifact id: 'f44697b74f994c93a67fcbcf85439ac1') in 0.001584 seconds
  Import took 0.003906 seconds .

========================================================================
Received Prepare
Registering precompiled user dll's ...
Registered in 0.000393 seconds.
Begin MonoManager ReloadAssembly
Native extension for OSXStandalone target not found
Native extension for WebGL target not found
Refreshing native plugins compatible for Editor in 0.35 ms, found 2 plugins.
Preloading 0 native plugins for Editor in 0.00 ms.
Invoked RoslynAnalysisRunner static constructor.
RoslynAnalysisRunner will not be running.
RoslynAnalysisRunner has terminated.
Mono: successfully reloaded assembly
- Completed reload, in  1.616 seconds
Platform modules already initialized, skipping
Refreshing native plugins compatible for Editor in 0.22 ms, found 2 plugins.
Preloading 0 native plugins for Editor in 0.00 ms.
Unloading 1782 Unused Serialized files (Serialized files now loaded: 0)
System memory in use before: 157.9 MB.
System memory in use after: 158.0 MB.

Unloading 7 unused Assets to reduce memory usage. Loaded Objects now: 2260.
Total: 1.435000 ms (FindLiveObjects: 0.119417 ms CreateObjectMapping: 0.080666 ms MarkObjects: 1.216292 ms  DeleteObjects: 0.017666 ms)

========================================================================
Received Import Request.
  Time since last request: 52.110169 seconds.
  path: Assets/Scripts/CardController.cs
  artifactKey: Guid(a6b8ab4ecfe9e48f7bb152066938a655) Importer(815301076,1909f56bfc062723c751e8b465ee728b)
Start importing Assets/Scripts/CardController.cs using Guid(a6b8ab4ecfe9e48f7bb152066938a655) Importer(815301076,1909f56bfc062723c751e8b465ee728b)  -> (artifact id: 'a16a8765a2d020e05f88338d4d7aae18') in 0.005876 seconds
  Import took 0.008909 seconds .

========================================================================
Received Prepare
Registering precompiled user dll's ...
Registered in 0.000668 seconds.
Begin MonoManager ReloadAssembly
Native extension for OSXStandalone target not found
Native extension for WebGL target not found
Refreshing native plugins compatible for Editor in 0.36 ms, found 2 plugins.
Preloading 0 native plugins for Editor in 0.00 ms.
Invoked RoslynAnalysisRunner static constructor.
RoslynAnalysisRunner will not be running.
RoslynAnalysisRunner has terminated.
Mono: successfully reloaded assembly
- Completed reload, in  1.642 seconds
Platform modules already initialized, skipping
Refreshing native plugins compatible for Editor in 0.29 ms, found 2 plugins.
Preloading 0 native plugins for Editor in 0.00 ms.
Unloading 1782 Unused Serialized files (Serialized files now loaded: 0)
System memory in use before: 158.3 MB.
System memory in use after: 158.4 MB.

Unloading 7 unused Assets to reduce memory usage. Loaded Objects now: 2263.
Total: 1.404625 ms (FindLiveObjects: 0.119917 ms CreateObjectMapping: 0.079083 ms MarkObjects: 1.184041 ms  DeleteObjects: 0.020500 ms)

========================================================================
Received Import Request.
  Time since last request: 26.532226 seconds.
  path: Assets/Scripts/CardController.cs
  artifactKey: Guid(a6b8ab4ecfe9e48f7bb152066938a655) Importer(815301076,1909f56bfc062723c751e8b465ee728b)
Start importing Assets/Scripts/CardController.cs using Guid(a6b8ab4ecfe9e48f7bb152066938a655) Importer(815301076,1909f56bfc062723c751e8b465ee728b)  -> (artifact id: 'cf718f75c30d4e5556b1f841db64e2eb') in 0.005269 seconds
  Import took 0.007874 seconds .

========================================================================
Received Prepare
Registering precompiled user dll's ...
Registered in 0.000662 seconds.
Begin MonoManager ReloadAssembly
Native extension for OSXStandalone target not found
Native extension for WebGL target not found
Refreshing native plugins compatible for Editor in 0.35 ms, found 2 plugins.
Preloading 0 native plugins for Editor in 0.00 ms.
Invoked RoslynAnalysisRunner static constructor.
RoslynAnalysisRunner will not be running.
RoslynAnalysisRunner has terminated.
Mono: successfully reloaded assembly
- Completed reload, in  1.631 seconds
Platform modules already initialized, skipping
Refreshing native plugins compatible for Editor in 0.32 ms, found 2 plugins.
Preloading 0 native plugins for Editor in 0.00 ms.
Unloading 1782 Unused Serialized files (Serialized files now loaded: 0)
System memory in use before: 158.6 MB.
System memory in use after: 158.7 MB.

Unloading 7 unused Assets to reduce memory usage. Loaded Objects now: 2266.
Total: 1.658375 ms (FindLiveObjects: 0.168791 ms CreateObjectMapping: 0.080125 ms MarkObjects: 1.387208 ms  DeleteObjects: 0.020292 ms)

========================================================================
Received Prepare
Registering precompiled user dll's ...
Registered in 0.000547 seconds.
Begin MonoManager ReloadAssembly
Native extension for OSXStandalone target not found
Native extension for WebGL target not found
Refreshing native plugins compatible for Editor in 0.35 ms, found 2 plugins.
Preloading 0 native plugins for Editor in 0.00 ms.
Invoked RoslynAnalysisRunner static constructor.
RoslynAnalysisRunner will not be running.
RoslynAnalysisRunner has terminated.
Mono: successfully reloaded assembly
- Completed reload, in  1.622 seconds
Platform modules already initialized, skipping
Refreshing native plugins compatible for Editor in 0.22 ms, found 2 plugins.
Preloading 0 native plugins for Editor in 0.00 ms.
Unloading 1782 Unused Serialized files (Serialized files now loaded: 0)
System memory in use before: 159.0 MB.
System memory in use after: 159.1 MB.

Unloading 7 unused Assets to reduce memory usage. Loaded Objects now: 2269.
Total: 1.556666 ms (FindLiveObjects: 0.156041 ms CreateObjectMapping: 0.081834 ms MarkObjects: 1.303333 ms  DeleteObjects: 0.014709 ms)

========================================================================
Received Import Request.
  Time since last request: 17.376875 seconds.
  path: Assets/Resources/Prefabs
  artifactKey: Guid(48479e14496004183b11ff0f930bf801) Importer(815301076,1909f56bfc062723c751e8b465ee728b)
Start importing Assets/Resources/Prefabs using Guid(48479e14496004183b11ff0f930bf801) Importer(815301076,1909f56bfc062723c751e8b465ee728b)  -> (artifact id: '9c6da4f8b787fadaf150791830ab1e2f') in 0.004910 seconds
  Import took 0.007423 seconds .

========================================================================
Received Import Request.
  Time since last request: 0.047659 seconds.
  path: Assets/Resources/Prefabs/Card.prefab
  artifactKey: Guid(b284f8e8a5e434219824ab0ed2894a64) Importer(815301076,1909f56bfc062723c751e8b465ee728b)
Start importing Assets/Resources/Prefabs/Card.prefab using Guid(b284f8e8a5e434219824ab0ed2894a64) Importer(815301076,1909f56bfc062723c751e8b465ee728b)  -> (artifact id: '1367347ded1e37adfe6f731acc8946ff') in 0.119665 seconds
  Import took 0.122172 seconds .

========================================================================
Received Import Request.
  Time since last request: 8.283869 seconds.
  path: Assets/Resources/Prefabs/Card.prefab
  artifactKey: Guid(b284f8e8a5e434219824ab0ed2894a64) Importer(815301076,1909f56bfc062723c751e8b465ee728b)
Start importing Assets/Resources/Prefabs/Card.prefab using Guid(b284f8e8a5e434219824ab0ed2894a64) Importer(815301076,1909f56bfc062723c751e8b465ee728b)  -> (artifact id: '4067dd3a59a6e69fa0d179ccfbac8379') in 0.004635 seconds
  Import took 0.007070 seconds .

========================================================================
Received Import Request.
  Time since last request: 20.117551 seconds.
  path: Assets/Resources/Prefabs/Card.prefab
  artifactKey: Guid(b284f8e8a5e434219824ab0ed2894a64) Importer(815301076,1909f56bfc062723c751e8b465ee728b)
Start importing Assets/Resources/Prefabs/Card.prefab using Guid(b284f8e8a5e434219824ab0ed2894a64) Importer(815301076,1909f56bfc062723c751e8b465ee728b)  -> (artifact id: 'eb53f8d684960d42e0bd7e3b2f8a8f3d') in 0.003013 seconds
  Import took 0.005493 seconds .

========================================================================
Received Import Request.
  Time since last request: 2.424124 seconds.
  path: Assets/Resources/Prefabs/Card.prefab
  artifactKey: Guid(b284f8e8a5e434219824ab0ed2894a64) Importer(815301076,1909f56bfc062723c751e8b465ee728b)
Start importing Assets/Resources/Prefabs/Card.prefab using Guid(b284f8e8a5e434219824ab0ed2894a64) Importer(815301076,1909f56bfc062723c751e8b465ee728b)  -> (artifact id: '77f8082bb7a82573d2721ed7f4520531') in 0.002820 seconds
  Import took 0.005202 seconds .

========================================================================
Received Import Request.
  Time since last request: 2.712879 seconds.
  path: Assets/Resources/Prefabs/Card.prefab
  artifactKey: Guid(b284f8e8a5e434219824ab0ed2894a64) Importer(815301076,1909f56bfc062723c751e8b465ee728b)
Start importing Assets/Resources/Prefabs/Card.prefab using Guid(b284f8e8a5e434219824ab0ed2894a64) Importer(815301076,1909f56bfc062723c751e8b465ee728b)  -> (artifact id: '69a0973afa420fd35304a4279b85f83e') in 0.002844 seconds
  Import took 0.005357 seconds .

========================================================================
Received Import Request.
  Time since last request: 2.438912 seconds.
  path: Assets/Resources/Prefabs/Card.prefab
  artifactKey: Guid(b284f8e8a5e434219824ab0ed2894a64) Importer(815301076,1909f56bfc062723c751e8b465ee728b)
Start importing Assets/Resources/Prefabs/Card.prefab using Guid(b284f8e8a5e434219824ab0ed2894a64) Importer(815301076,1909f56bfc062723c751e8b465ee728b)  -> (artifact id: 'fd09a15dd756d3ac4caeea3d554efe31') in 0.002843 seconds
  Import took 0.005282 seconds .

========================================================================
Received Import Request.
  Time since last request: 2.419470 seconds.
  path: Assets/Resources/Prefabs/Card.prefab
  artifactKey: Guid(b284f8e8a5e434219824ab0ed2894a64) Importer(815301076,1909f56bfc062723c751e8b465ee728b)
Start importing Assets/Resources/Prefabs/Card.prefab using Guid(b284f8e8a5e434219824ab0ed2894a64) Importer(815301076,1909f56bfc062723c751e8b465ee728b)  -> (artifact id: '7ab8abc112256f25f271eb2122b515ab') in 0.002823 seconds
  Import took 0.005219 seconds .

========================================================================
Received Import Request.
  Time since last request: 26.461319 seconds.
  path: Assets/Resources/Prefabs/Card.prefab
  artifactKey: Guid(b284f8e8a5e434219824ab0ed2894a64) Importer(815301076,1909f56bfc062723c751e8b465ee728b)
Start importing Assets/Resources/Prefabs/Card.prefab using Guid(b284f8e8a5e434219824ab0ed2894a64) Importer(815301076,1909f56bfc062723c751e8b465ee728b)  -> (artifact id: '9a1e8105c1c9b47a93df1d1fd2ac704b') in 0.002918 seconds
  Import took 0.005285 seconds .

========================================================================
Received Import Request.
  Time since last request: 2.233376 seconds.
  path: Assets/Resources/Prefabs/Card.prefab
  artifactKey: Guid(b284f8e8a5e434219824ab0ed2894a64) Importer(815301076,1909f56bfc062723c751e8b465ee728b)
Start importing Assets/Resources/Prefabs/Card.prefab using Guid(b284f8e8a5e434219824ab0ed2894a64) Importer(815301076,1909f56bfc062723c751e8b465ee728b)  -> (artifact id: '359b1fda9e878801d1ddac63d410b11e') in 0.002992 seconds
  Import took 0.005447 seconds .

========================================================================
Received Import Request.
  Time since last request: 4.888353 seconds.
  path: Assets/Resources/Prefabs/Card.prefab
  artifactKey: Guid(b284f8e8a5e434219824ab0ed2894a64) Importer(815301076,1909f56bfc062723c751e8b465ee728b)
Start importing Assets/Resources/Prefabs/Card.prefab using Guid(b284f8e8a5e434219824ab0ed2894a64) Importer(815301076,1909f56bfc062723c751e8b465ee728b)  -> (artifact id: '28201b3b4135c4e440cf50fadbab801e') in 0.002922 seconds
  Import took 0.005545 seconds .

========================================================================
Received Import Request.
  Time since last request: 4.448862 seconds.
  path: Assets/Resources/Prefabs/Card.prefab
  artifactKey: Guid(b284f8e8a5e434219824ab0ed2894a64) Importer(815301076,1909f56bfc062723c751e8b465ee728b)
Start importing Assets/Resources/Prefabs/Card.prefab using Guid(b284f8e8a5e434219824ab0ed2894a64) Importer(815301076,1909f56bfc062723c751e8b465ee728b)  -> (artifact id: 'bdefd3a72d861b8e7b3cbd0026bfc9e4') in 0.002997 seconds
  Import took 0.005514 seconds .

========================================================================
Received Prepare
Registering precompiled user dll's ...
Registered in 0.000690 seconds.
Begin MonoManager ReloadAssembly
Native extension for OSXStandalone target not found
Native extension for WebGL target not found
Refreshing native plugins compatible for Editor in 0.35 ms, found 2 plugins.
Preloading 0 native plugins for Editor in 0.00 ms.
Invoked RoslynAnalysisRunner static constructor.
RoslynAnalysisRunner will not be running.
RoslynAnalysisRunner has terminated.
Mono: successfully reloaded assembly
- Completed reload, in  1.591 seconds
Platform modules already initialized, skipping
Refreshing native plugins compatible for Editor in 0.24 ms, found 2 plugins.
Preloading 0 native plugins for Editor in 0.00 ms.
Unloading 1782 Unused Serialized files (Serialized files now loaded: 0)
System memory in use before: 163.8 MB.
System memory in use after: 163.9 MB.

Unloading 7 unused Assets to reduce memory usage. Loaded Objects now: 2274.
Total: 1.443750 ms (FindLiveObjects: 0.131625 ms CreateObjectMapping: 0.079166 ms MarkObjects: 1.215500 ms  DeleteObjects: 0.016292 ms)

========================================================================
Received Prepare
Registering precompiled user dll's ...
Registered in 0.000699 seconds.
Begin MonoManager ReloadAssembly
Native extension for OSXStandalone target not found
Native extension for WebGL target not found
Refreshing native plugins compatible for Editor in 0.35 ms, found 2 plugins.
Preloading 0 native plugins for Editor in 0.00 ms.
Invoked RoslynAnalysisRunner static constructor.
RoslynAnalysisRunner will not be running.
RoslynAnalysisRunner has terminated.
Mono: successfully reloaded assembly
- Completed reload, in  1.605 seconds
Platform modules already initialized, skipping
Refreshing native plugins compatible for Editor in 0.20 ms, found 2 plugins.
Preloading 0 native plugins for Editor in 0.00 ms.
Unloading 1782 Unused Serialized files (Serialized files now loaded: 0)
System memory in use before: 164.1 MB.
System memory in use after: 164.2 MB.

Unloading 7 unused Assets to reduce memory usage. Loaded Objects now: 2277.
Total: 1.377167 ms (FindLiveObjects: 0.158750 ms CreateObjectMapping: 0.118958 ms MarkObjects: 1.086000 ms  DeleteObjects: 0.012375 ms)

========================================================================
Received Prepare
Registering precompiled user dll's ...
Registered in 0.000649 seconds.
Begin MonoManager ReloadAssembly
Native extension for OSXStandalone target not found
Native extension for WebGL target not found
Refreshing native plugins compatible for Editor in 0.35 ms, found 2 plugins.
Preloading 0 native plugins for Editor in 0.00 ms.
Invoked RoslynAnalysisRunner static constructor.
RoslynAnalysisRunner will not be running.
RoslynAnalysisRunner has terminated.
Mono: successfully reloaded assembly
- Completed reload, in  1.661 seconds
Platform modules already initialized, skipping
Refreshing native plugins compatible for Editor in 0.23 ms, found 2 plugins.
Preloading 0 native plugins for Editor in 0.00 ms.
Unloading 1782 Unused Serialized files (Serialized files now loaded: 0)
System memory in use before: 164.4 MB.
System memory in use after: 164.5 MB.

Unloading 7 unused Assets to reduce memory usage. Loaded Objects now: 2280.
Total: 1.541833 ms (FindLiveObjects: 0.180625 ms CreateObjectMapping: 0.083583 ms MarkObjects: 1.261167 ms  DeleteObjects: 0.015000 ms)

========================================================================
Received Import Request.
  Time since last request: 105.283062 seconds.
  path: Assets/Scripts/CardModel.cs
  artifactKey: Guid(065f9623710be4d868fd6078f7fd3883) Importer(815301076,1909f56bfc062723c751e8b465ee728b)
Start importing Assets/Scripts/CardModel.cs using Guid(065f9623710be4d868fd6078f7fd3883) Importer(815301076,1909f56bfc062723c751e8b465ee728b)  -> (artifact id: 'dfb7914f37612aa276a361c3b50b86da') in 0.006417 seconds
  Import took 0.008883 seconds .

========================================================================
Received Import Request.
  Time since last request: 0.004410 seconds.
  path: Assets/Scripts/CardModel.cs
  artifactKey: Guid(065f9623710be4d868fd6078f7fd3883) Importer(815301076,1909f56bfc062723c751e8b465ee728b)
Start importing Assets/Scripts/CardModel.cs using Guid(065f9623710be4d868fd6078f7fd3883) Importer(815301076,1909f56bfc062723c751e8b465ee728b)  -> (artifact id: 'dfb7914f37612aa276a361c3b50b86da') in 0.000854 seconds
  Import took 0.002978 seconds .

========================================================================
Received Import Request.
  Time since last request: 74.994906 seconds.
  path: Assets/Resources/CardEntityList/Card1.asset
  artifactKey: Guid(06143cc51d12e4f50b5d0f1a69cc64bb) Importer(815301076,1909f56bfc062723c751e8b465ee728b)
Start importing Assets/Resources/CardEntityList/Card1.asset using Guid(06143cc51d12e4f50b5d0f1a69cc64bb) Importer(815301076,1909f56bfc062723c751e8b465ee728b)  -> (artifact id: '360e5aaf21417cceb4fa51e67a56c1ad') in 0.071278 seconds
  Import took 0.075452 seconds .

========================================================================
Received Import Request.
  Time since last request: 0.000234 seconds.
  path: Assets/Resources/CardEntityList/Card2.asset
  artifactKey: Guid(13b545b3ce5b24e7d948d2905b88cb5b) Importer(815301076,1909f56bfc062723c751e8b465ee728b)
Start importing Assets/Resources/CardEntityList/Card2.asset using Guid(13b545b3ce5b24e7d948d2905b88cb5b) Importer(815301076,1909f56bfc062723c751e8b465ee728b)  -> (artifact id: '370afb007b4036b9619e2d573df00445') in 0.001698 seconds
  Import took 0.003678 seconds .

========================================================================
Received Prepare
Registering precompiled user dll's ...
Registered in 0.000606 seconds.
Begin MonoManager ReloadAssembly
Native extension for OSXStandalone target not found
Native extension for WebGL target not found
Refreshing native plugins compatible for Editor in 0.37 ms, found 2 plugins.
Preloading 0 native plugins for Editor in 0.00 ms.
Invoked RoslynAnalysisRunner static constructor.
RoslynAnalysisRunner will not be running.
RoslynAnalysisRunner has terminated.
Mono: successfully reloaded assembly
- Completed reload, in  1.665 seconds
Platform modules already initialized, skipping
Refreshing native plugins compatible for Editor in 0.28 ms, found 2 plugins.
Preloading 0 native plugins for Editor in 0.00 ms.
Unloading 1782 Unused Serialized files (Serialized files now loaded: 0)
System memory in use before: 168.0 MB.
System memory in use after: 168.1 MB.

Unloading 7 unused Assets to reduce memory usage. Loaded Objects now: 2283.
Total: 1.516917 ms (FindLiveObjects: 0.155417 ms CreateObjectMapping: 0.079916 ms MarkObjects: 1.262125 ms  DeleteObjects: 0.018292 ms)

========================================================================
Received Prepare
Registering precompiled user dll's ...
Registered in 0.001415 seconds.
Begin MonoManager ReloadAssembly
Native extension for OSXStandalone target not found
Native extension for WebGL target not found
Refreshing native plugins compatible for Editor in 0.35 ms, found 2 plugins.
Preloading 0 native plugins for Editor in 0.00 ms.
Invoked RoslynAnalysisRunner static constructor.
RoslynAnalysisRunner will not be running.
RoslynAnalysisRunner has terminated.
Mono: successfully reloaded assembly
- Completed reload, in  1.584 seconds
Platform modules already initialized, skipping
Refreshing native plugins compatible for Editor in 0.17 ms, found 2 plugins.
Preloading 0 native plugins for Editor in 0.00 ms.
Unloading 1782 Unused Serialized files (Serialized files now loaded: 0)
System memory in use before: 168.3 MB.
System memory in use after: 168.4 MB.

Unloading 7 unused Assets to reduce memory usage. Loaded Objects now: 2286.
Total: 1.453375 ms (FindLiveObjects: 0.253292 ms CreateObjectMapping: 0.081208 ms MarkObjects: 1.104750 ms  DeleteObjects: 0.012250 ms)

========================================================================
Received Prepare
Registering precompiled user dll's ...
Registered in 0.000449 seconds.
Begin MonoManager ReloadAssembly
Native extension for OSXStandalone target not found
Native extension for WebGL target not found
Refreshing native plugins compatible for Editor in 0.36 ms, found 2 plugins.
Preloading 0 native plugins for Editor in 0.00 ms.
Invoked RoslynAnalysisRunner static constructor.
RoslynAnalysisRunner will not be running.
RoslynAnalysisRunner has terminated.
Mono: successfully reloaded assembly
- Completed reload, in  1.601 seconds
Platform modules already initialized, skipping
Refreshing native plugins compatible for Editor in 0.25 ms, found 2 plugins.
Preloading 0 native plugins for Editor in 0.00 ms.
Unloading 1782 Unused Serialized files (Serialized files now loaded: 0)
System memory in use before: 168.7 MB.
System memory in use after: 168.7 MB.

Unloading 7 unused Assets to reduce memory usage. Loaded Objects now: 2289.
Total: 1.477083 ms (FindLiveObjects: 0.137542 ms CreateObjectMapping: 0.079625 ms MarkObjects: 1.240875 ms  DeleteObjects: 0.018167 ms)

