Using pre-set license

 COMMAND LINE ARGUMENTS:
/Applications/Unity/Hub/Editor/2020.2.1f1/Unity.app/Contents/MacOS/Unity
-adb2
-batchMode
-noUpm
-name
AssetImportWorker1
-projectPath
/Users/fujiyoshi_junichiro/Documents/GitHub/TheCardGameEx
-logFile
Logs/AssetImportWorker1.log
-srvPort
49679
Successfully changed project path to: /Users/fujiyoshi_junichiro/Documents/GitHub/TheCardGameEx
/Users/fujiyoshi_junichiro/Documents/GitHub/TheCardGameEx
Using Asset Import Pipeline V2.
Refreshing native plugins compatible for Editor in 35.98 ms, found 2 plugins.
Preloading 0 native plugins for Editor in 0.00 ms.
Initialize engine version: 2020.2.1f1 (270dd8c3da1c)
[Subsystems] Discovering subsystems at path /Applications/Unity/Hub/Editor/2020.2.1f1/Unity.app/Contents/Resources/UnitySubsystems
[Subsystems] Discovering subsystems at path /Users/fujiyoshi_junichiro/Documents/GitHub/TheCardGameEx/Assets
GfxDevice: creating device client; threaded=0
2022-02-06 17:14:19.950 Unity[39887:973405] (null) preferred device: Apple M1 Pro (high power)
2022-02-06 17:14:19.950 Unity[39887:973405] Metal devices available: 1
2022-02-06 17:14:19.950 Unity[39887:973405] 0: Apple M1 Pro (high power)
2022-02-06 17:14:19.950 Unity[39887:973405] Using device Apple M1 Pro (high power)
Initializing Metal device caps: Apple M1 Pro
Initialize mono
Mono path[0] = '/Applications/Unity/Hub/Editor/2020.2.1f1/Unity.app/Contents/Managed'
Mono path[1] = '/Applications/Unity/Hub/Editor/2020.2.1f1/Unity.app/Contents/MonoBleedingEdge/lib/mono/unityjit'
Mono config path = '/Applications/Unity/Hub/Editor/2020.2.1f1/Unity.app/Contents/MonoBleedingEdge/etc'
Using monoOptions --debugger-agent=transport=dt_socket,embedding=1,server=y,suspend=n,address=127.0.0.1:56887
Begin MonoManager ReloadAssembly
Registering precompiled unity dll's ...
Register platform support module: /Applications/Unity/Hub/Editor/2020.2.1f1/PlaybackEngines/WebGLSupport/UnityEditor.WebGL.Extensions.dll
Register platform support module: /Applications/Unity/Hub/Editor/2020.2.1f1/Unity.app/Contents/PlaybackEngines/MacStandaloneSupport/UnityEditor.OSXStandalone.Extensions.dll
Registered in 0.002438 seconds.
Native extension for OSXStandalone target not found
Native extension for WebGL target not found
Refreshing native plugins compatible for Editor in 35.49 ms, found 2 plugins.
Preloading 0 native plugins for Editor in 0.00 ms.
Invoked RoslynAnalysisRunner static constructor.
RoslynAnalysisRunner will not be running.
RoslynAnalysisRunner has terminated.
Mono: successfully reloaded assembly
- Completed reload, in  3.933 seconds
Platform modules already initialized, skipping
Registering precompiled user dll's ...
Registered in 0.001563 seconds.
Begin MonoManager ReloadAssembly
Native extension for OSXStandalone target not found
Native extension for WebGL target not found
Refreshing native plugins compatible for Editor in 39.08 ms, found 2 plugins.
Preloading 0 native plugins for Editor in 0.00 ms.
Invoked RoslynAnalysisRunner static constructor.
RoslynAnalysisRunner will not be running.
RoslynAnalysisRunner has terminated.
Mono: successfully reloaded assembly
- Completed reload, in  2.424 seconds
Platform modules already initialized, skipping
========================================================================
Worker process is ready to serve import requests
Launching external process: /Applications/Unity/Hub/Editor/2020.2.1f1/Unity.app/Contents/Tools/UnityShaderCompiler
Launched and connected shader compiler UnityShaderCompiler after 0.13 seconds
Refreshing native plugins compatible for Editor in 0.42 ms, found 2 plugins.
Preloading 0 native plugins for Editor in 0.00 ms.
Unloading 1805 Unused Serialized files (Serialized files now loaded: 0)
System memory in use before: 155.1 MB.
System memory in use after: 155.2 MB.

Unloading 21 unused Assets to reduce memory usage. Loaded Objects now: 2254.
Total: 2.112208 ms (FindLiveObjects: 0.290334 ms CreateObjectMapping: 0.045458 ms MarkObjects: 1.692125 ms  DeleteObjects: 0.082208 ms)

========================================================================
Received Import Request.
  path: Assets/Resources/CardEntityList/Card4 1.asset
  artifactKey: Guid(0dc7083378daf4eb4958e4c9256c16dd) Importer(815301076,1909f56bfc062723c751e8b465ee728b)
Start importing Assets/Resources/CardEntityList/Card4 1.asset using Guid(0dc7083378daf4eb4958e4c9256c16dd) Importer(815301076,1909f56bfc062723c751e8b465ee728b)  -> (artifact id: '86e99c1fe21b1f80f0d65250b7b7e169') in 0.206517 seconds
  Import took 0.209626 seconds .

========================================================================
Received Import Request.
  Time since last request: 0.000296 seconds.
  path: Assets/Resources/CardEntityList/Card4.asset
  artifactKey: Guid(be24a76f0f8744398b768363265a3ff9) Importer(815301076,1909f56bfc062723c751e8b465ee728b)
Start importing Assets/Resources/CardEntityList/Card4.asset using Guid(be24a76f0f8744398b768363265a3ff9) Importer(815301076,1909f56bfc062723c751e8b465ee728b)  -> (artifact id: '037e23c804fc9ac5cc0785df7450371f') in 0.003686 seconds
  Import took 0.006441 seconds .

========================================================================
Received Import Request.
  Time since last request: 6.648406 seconds.
  path: Assets/Resources/CardEntityList/Card5.asset
  artifactKey: Guid(0dc7083378daf4eb4958e4c9256c16dd) Importer(815301076,1909f56bfc062723c751e8b465ee728b)
Start importing Assets/Resources/CardEntityList/Card5.asset using Guid(0dc7083378daf4eb4958e4c9256c16dd) Importer(815301076,1909f56bfc062723c751e8b465ee728b)  -> (artifact id: 'd4868b4f5dfa462b6af8fec6496b5bae') in 0.002687 seconds
  Import took 0.005591 seconds .

========================================================================
Received Import Request.
  Time since last request: 82.877360 seconds.
  path: Assets/Resources/CardEntityList/Card5 1.asset
  artifactKey: Guid(0089dd1ebaca643f5bd74088de2a5510) Importer(815301076,1909f56bfc062723c751e8b465ee728b)
Start importing Assets/Resources/CardEntityList/Card5 1.asset using Guid(0089dd1ebaca643f5bd74088de2a5510) Importer(815301076,1909f56bfc062723c751e8b465ee728b)  -> (artifact id: '394f9404161225c61b4787e727cb5072') in 0.002339 seconds
  Import took 0.004894 seconds .

========================================================================
Received Import Request.
  Time since last request: 0.000312 seconds.
  path: Assets/Resources/CardEntityList/Card5.asset
  artifactKey: Guid(0dc7083378daf4eb4958e4c9256c16dd) Importer(815301076,1909f56bfc062723c751e8b465ee728b)
Start importing Assets/Resources/CardEntityList/Card5.asset using Guid(0dc7083378daf4eb4958e4c9256c16dd) Importer(815301076,1909f56bfc062723c751e8b465ee728b)  -> (artifact id: 'ae18c44e19e1f7dcc0bc9b34424e1ac7') in 0.002721 seconds
  Import took 0.005616 seconds .

========================================================================
Received Import Request.
  Time since last request: 0.000298 seconds.
  path: Assets/Resources/CardEntityList/Card5 1.asset
  artifactKey: Guid(0089dd1ebaca643f5bd74088de2a5510) Importer(815301076,1909f56bfc062723c751e8b465ee728b)
Start importing Assets/Resources/CardEntityList/Card5 1.asset using Guid(0089dd1ebaca643f5bd74088de2a5510) Importer(815301076,1909f56bfc062723c751e8b465ee728b)  -> (artifact id: '394f9404161225c61b4787e727cb5072') in 0.003140 seconds
  Import took 0.006030 seconds .

========================================================================
Received Import Request.
  Time since last request: 4.603469 seconds.
  path: Assets/Resources/CardEntityList/Card6.asset
  artifactKey: Guid(0089dd1ebaca643f5bd74088de2a5510) Importer(815301076,1909f56bfc062723c751e8b465ee728b)
Start importing Assets/Resources/CardEntityList/Card6.asset using Guid(0089dd1ebaca643f5bd74088de2a5510) Importer(815301076,1909f56bfc062723c751e8b465ee728b)  -> (artifact id: 'be37365277f3b86410995abbd0a6c72f') in 0.002073 seconds
  Import took 0.004893 seconds .

========================================================================
Received Import Request.
  Time since last request: 77.320753 seconds.
  path: Assets/Resources/CardEntityList/Card6.asset
  artifactKey: Guid(0089dd1ebaca643f5bd74088de2a5510) Importer(815301076,1909f56bfc062723c751e8b465ee728b)
Start importing Assets/Resources/CardEntityList/Card6.asset using Guid(0089dd1ebaca643f5bd74088de2a5510) Importer(815301076,1909f56bfc062723c751e8b465ee728b)  -> (artifact id: '8afa9bd5a4e200eeab294929b358547d') in 0.005632 seconds
  Import took 0.011426 seconds .

========================================================================
Received Prepare
Registering precompiled user dll's ...
Registered in 0.001238 seconds.
Begin MonoManager ReloadAssembly
Native extension for OSXStandalone target not found
Native extension for WebGL target not found
Refreshing native plugins compatible for Editor in 0.40 ms, found 2 plugins.
Preloading 0 native plugins for Editor in 0.00 ms.
Invoked RoslynAnalysisRunner static constructor.
RoslynAnalysisRunner will not be running.
RoslynAnalysisRunner has terminated.
Mono: successfully reloaded assembly
- Completed reload, in  2.258 seconds
Platform modules already initialized, skipping
Refreshing native plugins compatible for Editor in 0.44 ms, found 2 plugins.
Preloading 0 native plugins for Editor in 0.00 ms.
Unloading 1795 Unused Serialized files (Serialized files now loaded: 0)
System memory in use before: 159.2 MB.
System memory in use after: 159.3 MB.

Unloading 9 unused Assets to reduce memory usage. Loaded Objects now: 2257.
Total: 1.920583 ms (FindLiveObjects: 0.218667 ms CreateObjectMapping: 0.082334 ms MarkObjects: 1.587417 ms  DeleteObjects: 0.029792 ms)

========================================================================
Received Prepare
Registering precompiled user dll's ...
Registered in 0.001072 seconds.
Begin MonoManager ReloadAssembly
Native extension for OSXStandalone target not found
Native extension for WebGL target not found
Refreshing native plugins compatible for Editor in 0.40 ms, found 2 plugins.
Preloading 0 native plugins for Editor in 0.00 ms.
Invoked RoslynAnalysisRunner static constructor.
RoslynAnalysisRunner will not be running.
RoslynAnalysisRunner has terminated.
Mono: successfully reloaded assembly
- Completed reload, in  2.321 seconds
Platform modules already initialized, skipping
Refreshing native plugins compatible for Editor in 0.36 ms, found 2 plugins.
Preloading 0 native plugins for Editor in 0.00 ms.
Unloading 1795 Unused Serialized files (Serialized files now loaded: 0)
System memory in use before: 159.6 MB.
System memory in use after: 159.7 MB.

Unloading 9 unused Assets to reduce memory usage. Loaded Objects now: 2260.
Total: 1.716417 ms (FindLiveObjects: 0.146584 ms CreateObjectMapping: 0.079041 ms MarkObjects: 1.464834 ms  DeleteObjects: 0.024917 ms)

========================================================================
Received Prepare
Registering precompiled user dll's ...
Registered in 0.000992 seconds.
Begin MonoManager ReloadAssembly
Native extension for OSXStandalone target not found
Native extension for WebGL target not found
Refreshing native plugins compatible for Editor in 0.44 ms, found 2 plugins.
Preloading 0 native plugins for Editor in 0.00 ms.
Invoked RoslynAnalysisRunner static constructor.
RoslynAnalysisRunner will not be running.
RoslynAnalysisRunner has terminated.
Mono: successfully reloaded assembly
- Completed reload, in  2.300 seconds
Platform modules already initialized, skipping
Refreshing native plugins compatible for Editor in 0.44 ms, found 2 plugins.
Preloading 0 native plugins for Editor in 0.00 ms.
Unloading 1795 Unused Serialized files (Serialized files now loaded: 0)
System memory in use before: 160.0 MB.
System memory in use after: 160.1 MB.

Unloading 9 unused Assets to reduce memory usage. Loaded Objects now: 2263.
Total: 1.596625 ms (FindLiveObjects: 0.153625 ms CreateObjectMapping: 0.082709 ms MarkObjects: 1.334000 ms  DeleteObjects: 0.024625 ms)

========================================================================
Received Prepare
Registering precompiled user dll's ...
Registered in 0.001774 seconds.
Begin MonoManager ReloadAssembly
Native extension for OSXStandalone target not found
Native extension for WebGL target not found
Refreshing native plugins compatible for Editor in 0.44 ms, found 2 plugins.
Preloading 0 native plugins for Editor in 0.00 ms.
Invoked RoslynAnalysisRunner static constructor.
RoslynAnalysisRunner will not be running.
RoslynAnalysisRunner has terminated.
Mono: successfully reloaded assembly
- Completed reload, in  2.271 seconds
Platform modules already initialized, skipping
Refreshing native plugins compatible for Editor in 0.40 ms, found 2 plugins.
Preloading 0 native plugins for Editor in 0.00 ms.
Unloading 1795 Unused Serialized files (Serialized files now loaded: 0)
System memory in use before: 160.4 MB.
System memory in use after: 160.5 MB.

Unloading 9 unused Assets to reduce memory usage. Loaded Objects now: 2266.
Total: 1.956750 ms (FindLiveObjects: 0.232625 ms CreateObjectMapping: 0.086709 ms MarkObjects: 1.593958 ms  DeleteObjects: 0.041333 ms)

========================================================================
Received Prepare
Registering precompiled user dll's ...
Registered in 0.000955 seconds.
Begin MonoManager ReloadAssembly
Native extension for OSXStandalone target not found
Native extension for WebGL target not found
Refreshing native plugins compatible for Editor in 0.38 ms, found 2 plugins.
Preloading 0 native plugins for Editor in 0.00 ms.
Invoked RoslynAnalysisRunner static constructor.
RoslynAnalysisRunner will not be running.
RoslynAnalysisRunner has terminated.
Mono: successfully reloaded assembly
- Completed reload, in  2.236 seconds
Platform modules already initialized, skipping
Refreshing native plugins compatible for Editor in 0.46 ms, found 2 plugins.
Preloading 0 native plugins for Editor in 0.00 ms.
Unloading 1795 Unused Serialized files (Serialized files now loaded: 0)
System memory in use before: 160.7 MB.
System memory in use after: 160.9 MB.

Unloading 9 unused Assets to reduce memory usage. Loaded Objects now: 2269.
Total: 1.864708 ms (FindLiveObjects: 0.257833 ms CreateObjectMapping: 0.088250 ms MarkObjects: 1.482208 ms  DeleteObjects: 0.034667 ms)

========================================================================
Received Prepare
Registering precompiled user dll's ...
Registered in 0.000991 seconds.
Begin MonoManager ReloadAssembly
Native extension for OSXStandalone target not found
Native extension for WebGL target not found
Refreshing native plugins compatible for Editor in 0.46 ms, found 2 plugins.
Preloading 0 native plugins for Editor in 0.00 ms.
Invoked RoslynAnalysisRunner static constructor.
RoslynAnalysisRunner will not be running.
RoslynAnalysisRunner has terminated.
Mono: successfully reloaded assembly
- Completed reload, in  2.544 seconds
Platform modules already initialized, skipping
Refreshing native plugins compatible for Editor in 0.42 ms, found 2 plugins.
Preloading 0 native plugins for Editor in 0.00 ms.
Unloading 1795 Unused Serialized files (Serialized files now loaded: 0)
System memory in use before: 161.1 MB.
System memory in use after: 161.2 MB.

Unloading 9 unused Assets to reduce memory usage. Loaded Objects now: 2272.
Total: 1.923166 ms (FindLiveObjects: 0.290625 ms CreateObjectMapping: 0.082583 ms MarkObjects: 1.512083 ms  DeleteObjects: 0.035084 ms)

========================================================================
Received Prepare
Registering precompiled user dll's ...
Registered in 0.001995 seconds.
Begin MonoManager ReloadAssembly
Native extension for OSXStandalone target not found
Native extension for WebGL target not found
Refreshing native plugins compatible for Editor in 0.41 ms, found 2 plugins.
Preloading 0 native plugins for Editor in 0.00 ms.
Invoked RoslynAnalysisRunner static constructor.
RoslynAnalysisRunner will not be running.
RoslynAnalysisRunner has terminated.
Mono: successfully reloaded assembly
- Completed reload, in  2.298 seconds
Platform modules already initialized, skipping
Refreshing native plugins compatible for Editor in 0.43 ms, found 2 plugins.
Preloading 0 native plugins for Editor in 0.00 ms.
Unloading 1795 Unused Serialized files (Serialized files now loaded: 0)
System memory in use before: 161.5 MB.
System memory in use after: 161.6 MB.

Unloading 9 unused Assets to reduce memory usage. Loaded Objects now: 2275.
Total: 2.006125 ms (FindLiveObjects: 0.315625 ms CreateObjectMapping: 0.112166 ms MarkObjects: 1.541125 ms  DeleteObjects: 0.035125 ms)

========================================================================
Received Prepare
Registering precompiled user dll's ...
Registered in 0.001178 seconds.
Begin MonoManager ReloadAssembly
Native extension for OSXStandalone target not found
Native extension for WebGL target not found
Refreshing native plugins compatible for Editor in 0.39 ms, found 2 plugins.
Preloading 0 native plugins for Editor in 0.00 ms.
Invoked RoslynAnalysisRunner static constructor.
RoslynAnalysisRunner will not be running.
RoslynAnalysisRunner has terminated.
Mono: successfully reloaded assembly
- Completed reload, in  2.204 seconds
Platform modules already initialized, skipping
Refreshing native plugins compatible for Editor in 0.31 ms, found 2 plugins.
Preloading 0 native plugins for Editor in 0.00 ms.
Unloading 1795 Unused Serialized files (Serialized files now loaded: 0)
System memory in use before: 161.9 MB.
System memory in use after: 162.0 MB.

Unloading 9 unused Assets to reduce memory usage. Loaded Objects now: 2278.
Total: 1.352833 ms (FindLiveObjects: 0.136291 ms CreateObjectMapping: 0.079125 ms MarkObjects: 1.114583 ms  DeleteObjects: 0.021833 ms)

========================================================================
Received Prepare
Registering precompiled user dll's ...
Registered in 0.000869 seconds.
Begin MonoManager ReloadAssembly
Native extension for OSXStandalone target not found
Native extension for WebGL target not found
Refreshing native plugins compatible for Editor in 0.39 ms, found 2 plugins.
Preloading 0 native plugins for Editor in 0.00 ms.
Invoked RoslynAnalysisRunner static constructor.
RoslynAnalysisRunner will not be running.
RoslynAnalysisRunner has terminated.
Mono: successfully reloaded assembly
- Completed reload, in  2.215 seconds
Platform modules already initialized, skipping
Refreshing native plugins compatible for Editor in 0.32 ms, found 2 plugins.
Preloading 0 native plugins for Editor in 0.00 ms.
Unloading 1795 Unused Serialized files (Serialized files now loaded: 0)
System memory in use before: 162.2 MB.
System memory in use after: 162.4 MB.

Unloading 9 unused Assets to reduce memory usage. Loaded Objects now: 2281.
Total: 1.361291 ms (FindLiveObjects: 0.120750 ms CreateObjectMapping: 0.080208 ms MarkObjects: 1.140833 ms  DeleteObjects: 0.018250 ms)

========================================================================
Received Prepare
Registering precompiled user dll's ...
Registered in 0.000949 seconds.
Begin MonoManager ReloadAssembly
Native extension for OSXStandalone target not found
Native extension for WebGL target not found
Refreshing native plugins compatible for Editor in 0.38 ms, found 2 plugins.
Preloading 0 native plugins for Editor in 0.00 ms.
Invoked RoslynAnalysisRunner static constructor.
RoslynAnalysisRunner will not be running.
RoslynAnalysisRunner has terminated.
Mono: successfully reloaded assembly
- Completed reload, in  2.291 seconds
Platform modules already initialized, skipping
Refreshing native plugins compatible for Editor in 0.28 ms, found 2 plugins.
Preloading 0 native plugins for Editor in 0.00 ms.
Unloading 1795 Unused Serialized files (Serialized files now loaded: 0)
System memory in use before: 162.6 MB.
System memory in use after: 162.7 MB.

Unloading 9 unused Assets to reduce memory usage. Loaded Objects now: 2284.
Total: 1.366167 ms (FindLiveObjects: 0.129584 ms CreateObjectMapping: 0.083584 ms MarkObjects: 1.127250 ms  DeleteObjects: 0.024667 ms)

========================================================================
Received Prepare
Registering precompiled user dll's ...
Registered in 0.001840 seconds.
Begin MonoManager ReloadAssembly
Native extension for OSXStandalone target not found
Native extension for WebGL target not found
Refreshing native plugins compatible for Editor in 0.43 ms, found 2 plugins.
Preloading 0 native plugins for Editor in 0.00 ms.
Invoked RoslynAnalysisRunner static constructor.
RoslynAnalysisRunner will not be running.
RoslynAnalysisRunner has terminated.
Mono: successfully reloaded assembly
- Completed reload, in  2.323 seconds
Platform modules already initialized, skipping
Refreshing native plugins compatible for Editor in 0.35 ms, found 2 plugins.
Preloading 0 native plugins for Editor in 0.00 ms.
Unloading 1795 Unused Serialized files (Serialized files now loaded: 0)
System memory in use before: 163.0 MB.
System memory in use after: 163.1 MB.

Unloading 9 unused Assets to reduce memory usage. Loaded Objects now: 2287.
Total: 1.865125 ms (FindLiveObjects: 0.223209 ms CreateObjectMapping: 0.083625 ms MarkObjects: 1.532500 ms  DeleteObjects: 0.024000 ms)

========================================================================
Received Prepare
Registering precompiled user dll's ...
Registered in 0.000643 seconds.
Begin MonoManager ReloadAssembly
Native extension for OSXStandalone target not found
Native extension for WebGL target not found
Refreshing native plugins compatible for Editor in 0.44 ms, found 2 plugins.
Preloading 0 native plugins for Editor in 0.00 ms.
Invoked RoslynAnalysisRunner static constructor.
RoslynAnalysisRunner will not be running.
RoslynAnalysisRunner has terminated.
Mono: successfully reloaded assembly
- Completed reload, in  2.255 seconds
Platform modules already initialized, skipping
Refreshing native plugins compatible for Editor in 0.33 ms, found 2 plugins.
Preloading 0 native plugins for Editor in 0.00 ms.
Unloading 1795 Unused Serialized files (Serialized files now loaded: 0)
System memory in use before: 162.4 MB.
System memory in use after: 162.5 MB.

Unloading 9 unused Assets to reduce memory usage. Loaded Objects now: 2290.
Total: 1.405500 ms (FindLiveObjects: 0.166875 ms CreateObjectMapping: 0.090333 ms MarkObjects: 1.112792 ms  DeleteObjects: 0.033875 ms)

========================================================================
Received Prepare
Registering precompiled user dll's ...
Registered in 0.000606 seconds.
Begin MonoManager ReloadAssembly
Native extension for OSXStandalone target not found
Native extension for WebGL target not found
Refreshing native plugins compatible for Editor in 0.38 ms, found 2 plugins.
Preloading 0 native plugins for Editor in 0.00 ms.
Invoked RoslynAnalysisRunner static constructor.
RoslynAnalysisRunner will not be running.
RoslynAnalysisRunner has terminated.
Mono: successfully reloaded assembly
- Completed reload, in  2.019 seconds
Platform modules already initialized, skipping
Refreshing native plugins compatible for Editor in 0.35 ms, found 2 plugins.
Preloading 0 native plugins for Editor in 0.00 ms.
Unloading 1795 Unused Serialized files (Serialized files now loaded: 0)
System memory in use before: 162.7 MB.
System memory in use after: 162.9 MB.

Unloading 9 unused Assets to reduce memory usage. Loaded Objects now: 2293.
Total: 1.840917 ms (FindLiveObjects: 0.230083 ms CreateObjectMapping: 0.084708 ms MarkObjects: 1.498584 ms  DeleteObjects: 0.025458 ms)

========================================================================
Received Prepare
Registering precompiled user dll's ...
Registered in 0.001779 seconds.
Begin MonoManager ReloadAssembly
Native extension for OSXStandalone target not found
Native extension for WebGL target not found
Refreshing native plugins compatible for Editor in 0.44 ms, found 2 plugins.
Preloading 0 native plugins for Editor in 0.00 ms.
Invoked RoslynAnalysisRunner static constructor.
RoslynAnalysisRunner will not be running.
RoslynAnalysisRunner has terminated.
Mono: successfully reloaded assembly
- Completed reload, in  2.236 seconds
Platform modules already initialized, skipping
Refreshing native plugins compatible for Editor in 0.36 ms, found 2 plugins.
Preloading 0 native plugins for Editor in 0.00 ms.
Unloading 1795 Unused Serialized files (Serialized files now loaded: 0)
System memory in use before: 163.1 MB.
System memory in use after: 163.2 MB.

Unloading 9 unused Assets to reduce memory usage. Loaded Objects now: 2296.
Total: 1.799250 ms (FindLiveObjects: 0.273875 ms CreateObjectMapping: 0.131834 ms MarkObjects: 1.367250 ms  DeleteObjects: 0.025000 ms)

========================================================================
Received Prepare
Registering precompiled user dll's ...
Registered in 0.000698 seconds.
Begin MonoManager ReloadAssembly
Native extension for OSXStandalone target not found
Native extension for WebGL target not found
Refreshing native plugins compatible for Editor in 0.45 ms, found 2 plugins.
Preloading 0 native plugins for Editor in 0.00 ms.
Invoked RoslynAnalysisRunner static constructor.
RoslynAnalysisRunner will not be running.
RoslynAnalysisRunner has terminated.
Mono: successfully reloaded assembly
- Completed reload, in  2.262 seconds
Platform modules already initialized, skipping
Refreshing native plugins compatible for Editor in 0.49 ms, found 2 plugins.
Preloading 0 native plugins for Editor in 0.00 ms.
Unloading 1795 Unused Serialized files (Serialized files now loaded: 0)
System memory in use before: 163.5 MB.
System memory in use after: 163.6 MB.

Unloading 9 unused Assets to reduce memory usage. Loaded Objects now: 2299.
Total: 1.451750 ms (FindLiveObjects: 0.157250 ms CreateObjectMapping: 0.081458 ms MarkObjects: 1.184708 ms  DeleteObjects: 0.027041 ms)

========================================================================
Received Prepare
Registering precompiled user dll's ...
Registered in 0.001186 seconds.
Begin MonoManager ReloadAssembly
Native extension for OSXStandalone target not found
Native extension for WebGL target not found
Refreshing native plugins compatible for Editor in 0.47 ms, found 2 plugins.
Preloading 0 native plugins for Editor in 0.00 ms.
Invoked RoslynAnalysisRunner static constructor.
RoslynAnalysisRunner will not be running.
RoslynAnalysisRunner has terminated.
Mono: successfully reloaded assembly
- Completed reload, in  2.329 seconds
Platform modules already initialized, skipping
Refreshing native plugins compatible for Editor in 0.29 ms, found 2 plugins.
Preloading 0 native plugins for Editor in 0.00 ms.
Unloading 1795 Unused Serialized files (Serialized files now loaded: 0)
System memory in use before: 163.8 MB.
System memory in use after: 163.9 MB.

Unloading 9 unused Assets to reduce memory usage. Loaded Objects now: 2302.
Total: 1.433333 ms (FindLiveObjects: 0.132209 ms CreateObjectMapping: 0.081708 ms MarkObjects: 1.182667 ms  DeleteObjects: 0.034875 ms)

========================================================================
Received Prepare
Registering precompiled user dll's ...
Registered in 0.002680 seconds.
Begin MonoManager ReloadAssembly
Native extension for OSXStandalone target not found
Native extension for WebGL target not found
Refreshing native plugins compatible for Editor in 0.51 ms, found 2 plugins.
Preloading 0 native plugins for Editor in 0.00 ms.
Invoked RoslynAnalysisRunner static constructor.
RoslynAnalysisRunner will not be running.
RoslynAnalysisRunner has terminated.
Mono: successfully reloaded assembly
- Completed reload, in  2.581 seconds
Platform modules already initialized, skipping
Refreshing native plugins compatible for Editor in 0.41 ms, found 2 plugins.
Preloading 0 native plugins for Editor in 0.00 ms.
Unloading 1795 Unused Serialized files (Serialized files now loaded: 0)
System memory in use before: 164.2 MB.
System memory in use after: 164.3 MB.

Unloading 9 unused Assets to reduce memory usage. Loaded Objects now: 2305.
Total: 1.445167 ms (FindLiveObjects: 0.196125 ms CreateObjectMapping: 0.081916 ms MarkObjects: 1.144792 ms  DeleteObjects: 0.020791 ms)

========================================================================
Received Prepare
Registering precompiled user dll's ...
Registered in 0.000860 seconds.
Begin MonoManager ReloadAssembly
Native extension for OSXStandalone target not found
Native extension for WebGL target not found
Refreshing native plugins compatible for Editor in 0.40 ms, found 2 plugins.
Preloading 0 native plugins for Editor in 0.00 ms.
Invoked RoslynAnalysisRunner static constructor.
RoslynAnalysisRunner will not be running.
RoslynAnalysisRunner has terminated.
Mono: successfully reloaded assembly
- Completed reload, in  2.254 seconds
Platform modules already initialized, skipping
Refreshing native plugins compatible for Editor in 0.42 ms, found 2 plugins.
Preloading 0 native plugins for Editor in 0.00 ms.
Unloading 1795 Unused Serialized files (Serialized files now loaded: 0)
System memory in use before: 163.6 MB.
System memory in use after: 163.7 MB.

Unloading 9 unused Assets to reduce memory usage. Loaded Objects now: 2308.
Total: 1.810042 ms (FindLiveObjects: 0.229250 ms CreateObjectMapping: 0.091000 ms MarkObjects: 1.465250 ms  DeleteObjects: 0.022333 ms)

========================================================================
Received Prepare
Registering precompiled user dll's ...
Registered in 0.001125 seconds.
Begin MonoManager ReloadAssembly
Native extension for OSXStandalone target not found
Native extension for WebGL target not found
Refreshing native plugins compatible for Editor in 0.38 ms, found 2 plugins.
Preloading 0 native plugins for Editor in 0.00 ms.
Invoked RoslynAnalysisRunner static constructor.
RoslynAnalysisRunner will not be running.
RoslynAnalysisRunner has terminated.
Mono: successfully reloaded assembly
- Completed reload, in  2.273 seconds
Platform modules already initialized, skipping
Refreshing native plugins compatible for Editor in 0.28 ms, found 2 plugins.
Preloading 0 native plugins for Editor in 0.00 ms.
Unloading 1795 Unused Serialized files (Serialized files now loaded: 0)
System memory in use before: 163.9 MB.
System memory in use after: 164.1 MB.

Unloading 9 unused Assets to reduce memory usage. Loaded Objects now: 2311.
Total: 1.389000 ms (FindLiveObjects: 0.141709 ms CreateObjectMapping: 0.076708 ms MarkObjects: 1.147958 ms  DeleteObjects: 0.021375 ms)

========================================================================
Received Prepare
Registering precompiled user dll's ...
Registered in 0.002441 seconds.
Begin MonoManager ReloadAssembly
Native extension for OSXStandalone target not found
Native extension for WebGL target not found
Refreshing native plugins compatible for Editor in 0.47 ms, found 2 plugins.
Preloading 0 native plugins for Editor in 0.00 ms.
Invoked RoslynAnalysisRunner static constructor.
RoslynAnalysisRunner will not be running.
RoslynAnalysisRunner has terminated.
Mono: successfully reloaded assembly
- Completed reload, in  2.336 seconds
Platform modules already initialized, skipping
Refreshing native plugins compatible for Editor in 0.36 ms, found 2 plugins.
Preloading 0 native plugins for Editor in 0.00 ms.
Unloading 1795 Unused Serialized files (Serialized files now loaded: 0)
System memory in use before: 164.3 MB.
System memory in use after: 164.4 MB.

Unloading 9 unused Assets to reduce memory usage. Loaded Objects now: 2314.
Total: 2.033250 ms (FindLiveObjects: 0.195666 ms CreateObjectMapping: 0.083250 ms MarkObjects: 1.726417 ms  DeleteObjects: 0.026083 ms)

========================================================================
Received Prepare
Registering precompiled user dll's ...
Registered in 0.000624 seconds.
Begin MonoManager ReloadAssembly
Native extension for OSXStandalone target not found
Native extension for WebGL target not found
Refreshing native plugins compatible for Editor in 0.43 ms, found 2 plugins.
Preloading 0 native plugins for Editor in 0.00 ms.
Invoked RoslynAnalysisRunner static constructor.
RoslynAnalysisRunner will not be running.
RoslynAnalysisRunner has terminated.
Mono: successfully reloaded assembly
- Completed reload, in  2.285 seconds
Platform modules already initialized, skipping
Refreshing native plugins compatible for Editor in 0.38 ms, found 2 plugins.
Preloading 0 native plugins for Editor in 0.00 ms.
Unloading 1795 Unused Serialized files (Serialized files now loaded: 0)
System memory in use before: 164.7 MB.
System memory in use after: 164.8 MB.

Unloading 9 unused Assets to reduce memory usage. Loaded Objects now: 2317.
Total: 1.864041 ms (FindLiveObjects: 0.221125 ms CreateObjectMapping: 0.086417 ms MarkObjects: 1.528750 ms  DeleteObjects: 0.022375 ms)

========================================================================
Received Prepare
Registering precompiled user dll's ...
Registered in 0.002580 seconds.
Begin MonoManager ReloadAssembly
Native extension for OSXStandalone target not found
Native extension for WebGL target not found
Refreshing native plugins compatible for Editor in 0.38 ms, found 2 plugins.
Preloading 0 native plugins for Editor in 0.00 ms.
Invoked RoslynAnalysisRunner static constructor.
RoslynAnalysisRunner will not be running.
RoslynAnalysisRunner has terminated.
Mono: successfully reloaded assembly
- Completed reload, in  2.158 seconds
Platform modules already initialized, skipping
Refreshing native plugins compatible for Editor in 0.22 ms, found 2 plugins.
Preloading 0 native plugins for Editor in 0.00 ms.
Unloading 1795 Unused Serialized files (Serialized files now loaded: 0)
System memory in use before: 165.0 MB.
System memory in use after: 165.1 MB.

Unloading 9 unused Assets to reduce memory usage. Loaded Objects now: 2320.
Total: 1.328417 ms (FindLiveObjects: 0.115708 ms CreateObjectMapping: 0.079250 ms MarkObjects: 1.119000 ms  DeleteObjects: 0.013417 ms)

========================================================================
Received Import Request.
  Time since last request: 6487.571871 seconds.
  path: Assets/Resources/Prefabs/Card.prefab
  artifactKey: Guid(b284f8e8a5e434219824ab0ed2894a64) Importer(815301076,1909f56bfc062723c751e8b465ee728b)
Start importing Assets/Resources/Prefabs/Card.prefab using Guid(b284f8e8a5e434219824ab0ed2894a64) Importer(815301076,1909f56bfc062723c751e8b465ee728b)  -> (artifact id: 'ce4708c34a645264d4a78bf49c8b7449') in 0.190801 seconds
  Import took 0.202014 seconds .

========================================================================
Received Import Request.
  Time since last request: 8.214390 seconds.
  path: Assets/Resources/Prefabs/Card.prefab
  artifactKey: Guid(b284f8e8a5e434219824ab0ed2894a64) Importer(815301076,1909f56bfc062723c751e8b465ee728b)
Start importing Assets/Resources/Prefabs/Card.prefab using Guid(b284f8e8a5e434219824ab0ed2894a64) Importer(815301076,1909f56bfc062723c751e8b465ee728b)  -> (artifact id: 'dcc40878ef7e1471ba2a16b7d647cf3b') in 0.009347 seconds
  Import took 0.012102 seconds .

========================================================================
Received Import Request.
  Time since last request: 7.680184 seconds.
  path: Assets/Resources/Prefabs/Card.prefab
  artifactKey: Guid(b284f8e8a5e434219824ab0ed2894a64) Importer(815301076,1909f56bfc062723c751e8b465ee728b)
Start importing Assets/Resources/Prefabs/Card.prefab using Guid(b284f8e8a5e434219824ab0ed2894a64) Importer(815301076,1909f56bfc062723c751e8b465ee728b)  -> (artifact id: 'ac9a7bc93721488894c3e5e4ff2cd0cb') in 0.003337 seconds
  Import took 0.005893 seconds .

========================================================================
Received Import Request.
  Time since last request: 4.656128 seconds.
  path: Assets/Resources/Prefabs/Card.prefab
  artifactKey: Guid(b284f8e8a5e434219824ab0ed2894a64) Importer(815301076,1909f56bfc062723c751e8b465ee728b)
Start importing Assets/Resources/Prefabs/Card.prefab using Guid(b284f8e8a5e434219824ab0ed2894a64) Importer(815301076,1909f56bfc062723c751e8b465ee728b)  -> (artifact id: '071a4306d7c2929d107b4284df98a030') in 0.003467 seconds
  Import took 0.006242 seconds .

========================================================================
Received Import Request.
  Time since last request: 11.645329 seconds.
  path: Assets/Resources/Prefabs/Card.prefab
  artifactKey: Guid(b284f8e8a5e434219824ab0ed2894a64) Importer(815301076,1909f56bfc062723c751e8b465ee728b)
Start importing Assets/Resources/Prefabs/Card.prefab using Guid(b284f8e8a5e434219824ab0ed2894a64) Importer(815301076,1909f56bfc062723c751e8b465ee728b)  -> (artifact id: 'f528361669936e1ea70ce8a3ec513957') in 0.003223 seconds
  Import took 0.005732 seconds .

========================================================================
Received Import Request.
  Time since last request: 3.155117 seconds.
  path: Assets/Resources/Prefabs/Card.prefab
  artifactKey: Guid(b284f8e8a5e434219824ab0ed2894a64) Importer(815301076,1909f56bfc062723c751e8b465ee728b)
Start importing Assets/Resources/Prefabs/Card.prefab using Guid(b284f8e8a5e434219824ab0ed2894a64) Importer(815301076,1909f56bfc062723c751e8b465ee728b)  -> (artifact id: '027a2d724b4711fa568f518743f24722') in 0.004284 seconds
  Import took 0.007047 seconds .

========================================================================
Received Import Request.
  Time since last request: 25.789682 seconds.
  path: Assets/Scripts/CardView.cs
  artifactKey: Guid(a281301df42d74716836eb27f6231fc0) Importer(815301076,1909f56bfc062723c751e8b465ee728b)
Start importing Assets/Scripts/CardView.cs using Guid(a281301df42d74716836eb27f6231fc0) Importer(815301076,1909f56bfc062723c751e8b465ee728b)  -> (artifact id: '02ab4395b2bc3e24704c3d64562a06d3') in 0.155597 seconds
  Import took 0.158360 seconds .

========================================================================
Received Import Request.
  Time since last request: 44.778030 seconds.
  path: Assets/Scripts/CardView.cs
  artifactKey: Guid(a281301df42d74716836eb27f6231fc0) Importer(815301076,1909f56bfc062723c751e8b465ee728b)
Start importing Assets/Scripts/CardView.cs using Guid(a281301df42d74716836eb27f6231fc0) Importer(815301076,1909f56bfc062723c751e8b465ee728b)  -> (artifact id: '00aa567b13e25c759089863f38c00e02') in 0.006213 seconds
  Import took 0.009056 seconds .

========================================================================
Received Prepare
Registering precompiled user dll's ...
Registered in 0.001061 seconds.
Begin MonoManager ReloadAssembly
Native extension for OSXStandalone target not found
Native extension for WebGL target not found
Refreshing native plugins compatible for Editor in 0.37 ms, found 2 plugins.
Preloading 0 native plugins for Editor in 0.00 ms.
Invoked RoslynAnalysisRunner static constructor.
RoslynAnalysisRunner will not be running.
RoslynAnalysisRunner has terminated.
Mono: successfully reloaded assembly
- Completed reload, in  2.212 seconds
Platform modules already initialized, skipping
Refreshing native plugins compatible for Editor in 0.41 ms, found 2 plugins.
Preloading 0 native plugins for Editor in 0.00 ms.
Unloading 1795 Unused Serialized files (Serialized files now loaded: 0)
System memory in use before: 174.0 MB.
System memory in use after: 174.1 MB.

Unloading 9 unused Assets to reduce memory usage. Loaded Objects now: 2325.
Total: 2.034125 ms (FindLiveObjects: 0.247292 ms CreateObjectMapping: 0.096958 ms MarkObjects: 1.638167 ms  DeleteObjects: 0.049250 ms)

========================================================================
Received Import Request.
  Time since last request: 69.793828 seconds.
  path: Assets/Scripts/CardView.cs
  artifactKey: Guid(a281301df42d74716836eb27f6231fc0) Importer(815301076,1909f56bfc062723c751e8b465ee728b)
Start importing Assets/Scripts/CardView.cs using Guid(a281301df42d74716836eb27f6231fc0) Importer(815301076,1909f56bfc062723c751e8b465ee728b)  -> (artifact id: '15756233ed5e26e2d1fdcc3c35dca6c0') in 0.007311 seconds
  Import took 0.009949 seconds .

========================================================================
Received Import Request.
  Time since last request: 0.452832 seconds.
  path: Assets/Scripts/CardView.cs
  artifactKey: Guid(a281301df42d74716836eb27f6231fc0) Importer(815301076,1909f56bfc062723c751e8b465ee728b)
Start importing Assets/Scripts/CardView.cs using Guid(a281301df42d74716836eb27f6231fc0) Importer(815301076,1909f56bfc062723c751e8b465ee728b)  -> (artifact id: '15756233ed5e26e2d1fdcc3c35dca6c0') in 0.002464 seconds
  Import took 0.005291 seconds .

========================================================================
Received Prepare
Registering precompiled user dll's ...
Registered in 0.000967 seconds.
Begin MonoManager ReloadAssembly
Native extension for OSXStandalone target not found
Native extension for WebGL target not found
Refreshing native plugins compatible for Editor in 0.43 ms, found 2 plugins.
Preloading 0 native plugins for Editor in 0.00 ms.
Invoked RoslynAnalysisRunner static constructor.
RoslynAnalysisRunner will not be running.
RoslynAnalysisRunner has terminated.
Mono: successfully reloaded assembly
- Completed reload, in  2.212 seconds
Platform modules already initialized, skipping
Refreshing native plugins compatible for Editor in 0.43 ms, found 2 plugins.
Preloading 0 native plugins for Editor in 0.00 ms.
Unloading 1795 Unused Serialized files (Serialized files now loaded: 0)
System memory in use before: 173.4 MB.
System memory in use after: 173.5 MB.

Unloading 9 unused Assets to reduce memory usage. Loaded Objects now: 2328.
Total: 1.372542 ms (FindLiveObjects: 0.134042 ms CreateObjectMapping: 0.074958 ms MarkObjects: 1.144375 ms  DeleteObjects: 0.018208 ms)

========================================================================
Received Import Request.
  Time since last request: 33.972141 seconds.
  path: Assets/Scripts/CardView.cs
  artifactKey: Guid(a281301df42d74716836eb27f6231fc0) Importer(815301076,1909f56bfc062723c751e8b465ee728b)
Start importing Assets/Scripts/CardView.cs using Guid(a281301df42d74716836eb27f6231fc0) Importer(815301076,1909f56bfc062723c751e8b465ee728b)  -> (artifact id: '59a2d07d1249539a67449e20b4c8c8ca') in 0.012192 seconds
  Import took 0.018727 seconds .

========================================================================
Received Prepare
Registering precompiled user dll's ...
Registered in 0.003694 seconds.
Begin MonoManager ReloadAssembly
Native extension for OSXStandalone target not found
Native extension for WebGL target not found
Refreshing native plugins compatible for Editor in 0.46 ms, found 2 plugins.
Preloading 0 native plugins for Editor in 0.00 ms.
Invoked RoslynAnalysisRunner static constructor.
RoslynAnalysisRunner will not be running.
RoslynAnalysisRunner has terminated.
Mono: successfully reloaded assembly
- Completed reload, in  2.340 seconds
Platform modules already initialized, skipping
Refreshing native plugins compatible for Editor in 0.42 ms, found 2 plugins.
Preloading 0 native plugins for Editor in 0.00 ms.
Unloading 1795 Unused Serialized files (Serialized files now loaded: 0)
System memory in use before: 173.8 MB.
System memory in use after: 173.9 MB.

Unloading 9 unused Assets to reduce memory usage. Loaded Objects now: 2331.
Total: 1.892250 ms (FindLiveObjects: 0.204333 ms CreateObjectMapping: 0.085750 ms MarkObjects: 1.567167 ms  DeleteObjects: 0.033083 ms)

========================================================================
Received Prepare
Registering precompiled user dll's ...
Registered in 0.002040 seconds.
Begin MonoManager ReloadAssembly
Native extension for OSXStandalone target not found
Native extension for WebGL target not found
Refreshing native plugins compatible for Editor in 0.50 ms, found 2 plugins.
Preloading 0 native plugins for Editor in 0.00 ms.
Invoked RoslynAnalysisRunner static constructor.
RoslynAnalysisRunner will not be running.
RoslynAnalysisRunner has terminated.
Mono: successfully reloaded assembly
- Completed reload, in  2.370 seconds
Platform modules already initialized, skipping
Refreshing native plugins compatible for Editor in 0.37 ms, found 2 plugins.
Preloading 0 native plugins for Editor in 0.00 ms.
Unloading 1795 Unused Serialized files (Serialized files now loaded: 0)
System memory in use before: 174.1 MB.
System memory in use after: 174.2 MB.

Unloading 9 unused Assets to reduce memory usage. Loaded Objects now: 2334.
Total: 1.381791 ms (FindLiveObjects: 0.147000 ms CreateObjectMapping: 0.080458 ms MarkObjects: 1.128334 ms  DeleteObjects: 0.024959 ms)

========================================================================
Received Prepare
Registering precompiled user dll's ...
Registered in 0.000828 seconds.
Begin MonoManager ReloadAssembly
Native extension for OSXStandalone target not found
Native extension for WebGL target not found
Refreshing native plugins compatible for Editor in 0.38 ms, found 2 plugins.
Preloading 0 native plugins for Editor in 0.00 ms.
Invoked RoslynAnalysisRunner static constructor.
RoslynAnalysisRunner will not be running.
RoslynAnalysisRunner has terminated.
Mono: successfully reloaded assembly
- Completed reload, in  2.117 seconds
Platform modules already initialized, skipping
Refreshing native plugins compatible for Editor in 0.25 ms, found 2 plugins.
Preloading 0 native plugins for Editor in 0.00 ms.
Unloading 1795 Unused Serialized files (Serialized files now loaded: 0)
System memory in use before: 174.5 MB.
System memory in use after: 174.6 MB.

Unloading 9 unused Assets to reduce memory usage. Loaded Objects now: 2337.
Total: 1.395750 ms (FindLiveObjects: 0.137125 ms CreateObjectMapping: 0.080625 ms MarkObjects: 1.158583 ms  DeleteObjects: 0.018292 ms)

========================================================================
Received Prepare
Registering precompiled user dll's ...
Registered in 0.000573 seconds.
Begin MonoManager ReloadAssembly
Native extension for OSXStandalone target not found
Native extension for WebGL target not found
Refreshing native plugins compatible for Editor in 0.38 ms, found 2 plugins.
Preloading 0 native plugins for Editor in 0.00 ms.
Invoked RoslynAnalysisRunner static constructor.
RoslynAnalysisRunner will not be running.
RoslynAnalysisRunner has terminated.
Mono: successfully reloaded assembly
- Completed reload, in  2.097 seconds
Platform modules already initialized, skipping
Refreshing native plugins compatible for Editor in 0.40 ms, found 2 plugins.
Preloading 0 native plugins for Editor in 0.00 ms.
Unloading 1795 Unused Serialized files (Serialized files now loaded: 0)
System memory in use before: 174.8 MB.
System memory in use after: 175.0 MB.

Unloading 9 unused Assets to reduce memory usage. Loaded Objects now: 2340.
Total: 1.839000 ms (FindLiveObjects: 0.205125 ms CreateObjectMapping: 0.086792 ms MarkObjects: 1.510959 ms  DeleteObjects: 0.034125 ms)

========================================================================
Received Prepare
Registering precompiled user dll's ...
Registered in 0.002227 seconds.
Begin MonoManager ReloadAssembly
Native extension for OSXStandalone target not found
Native extension for WebGL target not found
Refreshing native plugins compatible for Editor in 0.40 ms, found 2 plugins.
Preloading 0 native plugins for Editor in 0.00 ms.
Invoked RoslynAnalysisRunner static constructor.
RoslynAnalysisRunner will not be running.
RoslynAnalysisRunner has terminated.
Mono: successfully reloaded assembly
- Completed reload, in  2.680 seconds
Platform modules already initialized, skipping
Refreshing native plugins compatible for Editor in 0.35 ms, found 2 plugins.
Preloading 0 native plugins for Editor in 0.00 ms.
Unloading 1795 Unused Serialized files (Serialized files now loaded: 0)
System memory in use before: 175.2 MB.
System memory in use after: 175.3 MB.

Unloading 9 unused Assets to reduce memory usage. Loaded Objects now: 2343.
Total: 1.499042 ms (FindLiveObjects: 0.169500 ms CreateObjectMapping: 0.081250 ms MarkObjects: 1.225667 ms  DeleteObjects: 0.021333 ms)

========================================================================
Received Prepare
Registering precompiled user dll's ...
Registered in 0.001888 seconds.
Begin MonoManager ReloadAssembly
Native extension for OSXStandalone target not found
Native extension for WebGL target not found
Refreshing native plugins compatible for Editor in 0.39 ms, found 2 plugins.
Preloading 0 native plugins for Editor in 0.00 ms.
Invoked RoslynAnalysisRunner static constructor.
RoslynAnalysisRunner will not be running.
RoslynAnalysisRunner has terminated.
Mono: successfully reloaded assembly
- Completed reload, in  2.303 seconds
Platform modules already initialized, skipping
Refreshing native plugins compatible for Editor in 0.40 ms, found 2 plugins.
Preloading 0 native plugins for Editor in 0.00 ms.
Unloading 1795 Unused Serialized files (Serialized files now loaded: 0)
System memory in use before: 175.6 MB.
System memory in use after: 175.8 MB.

Unloading 9 unused Assets to reduce memory usage. Loaded Objects now: 2346.
Total: 1.948333 ms (FindLiveObjects: 0.281042 ms CreateObjectMapping: 0.095791 ms MarkObjects: 1.531542 ms  DeleteObjects: 0.038250 ms)

========================================================================
Received Prepare
Registering precompiled user dll's ...
Registered in 0.000916 seconds.
Begin MonoManager ReloadAssembly
Native extension for OSXStandalone target not found
Native extension for WebGL target not found
Refreshing native plugins compatible for Editor in 0.38 ms, found 2 plugins.
Preloading 0 native plugins for Editor in 0.00 ms.
Invoked RoslynAnalysisRunner static constructor.
RoslynAnalysisRunner will not be running.
RoslynAnalysisRunner has terminated.
Mono: successfully reloaded assembly
- Completed reload, in  2.119 seconds
Platform modules already initialized, skipping
Refreshing native plugins compatible for Editor in 0.23 ms, found 2 plugins.
Preloading 0 native plugins for Editor in 0.00 ms.
Unloading 1795 Unused Serialized files (Serialized files now loaded: 0)
System memory in use before: 175.0 MB.
System memory in use after: 175.1 MB.

Unloading 9 unused Assets to reduce memory usage. Loaded Objects now: 2349.
Total: 1.432542 ms (FindLiveObjects: 0.170750 ms CreateObjectMapping: 0.080958 ms MarkObjects: 1.160167 ms  DeleteObjects: 0.019625 ms)

========================================================================
Received Prepare
Registering precompiled user dll's ...
Registered in 0.002211 seconds.
Begin MonoManager ReloadAssembly
Native extension for OSXStandalone target not found
Native extension for WebGL target not found
Refreshing native plugins compatible for Editor in 0.38 ms, found 2 plugins.
Preloading 0 native plugins for Editor in 0.00 ms.
Invoked RoslynAnalysisRunner static constructor.
RoslynAnalysisRunner will not be running.
RoslynAnalysisRunner has terminated.
Mono: successfully reloaded assembly
- Completed reload, in  2.213 seconds
Platform modules already initialized, skipping
Refreshing native plugins compatible for Editor in 0.35 ms, found 2 plugins.
Preloading 0 native plugins for Editor in 0.00 ms.
Unloading 1795 Unused Serialized files (Serialized files now loaded: 0)
System memory in use before: 175.4 MB.
System memory in use after: 175.5 MB.

Unloading 9 unused Assets to reduce memory usage. Loaded Objects now: 2352.
Total: 1.433708 ms (FindLiveObjects: 0.148125 ms CreateObjectMapping: 0.081583 ms MarkObjects: 1.177417 ms  DeleteObjects: 0.025542 ms)

========================================================================
Received Import Request.
  Time since last request: 788.871584 seconds.
  path: Assets/Scripts/AttackedCard.cs
  artifactKey: Guid(b490b3bcd039b40fdbc19134a151d345) Importer(815301076,1909f56bfc062723c751e8b465ee728b)
Start importing Assets/Scripts/AttackedCard.cs using Guid(b490b3bcd039b40fdbc19134a151d345) Importer(815301076,1909f56bfc062723c751e8b465ee728b)  -> (artifact id: '3d07d0eb1b79f712d258d58f019e3144') in 0.007642 seconds
  Import took 0.009791 seconds .

========================================================================
Received Import Request.
  Time since last request: 0.148024 seconds.
  path: Assets/Scripts/AttackedCard.cs
  artifactKey: Guid(b490b3bcd039b40fdbc19134a151d345) Importer(815301076,1909f56bfc062723c751e8b465ee728b)
Start importing Assets/Scripts/AttackedCard.cs using Guid(b490b3bcd039b40fdbc19134a151d345) Importer(815301076,1909f56bfc062723c751e8b465ee728b)  -> (artifact id: '3d07d0eb1b79f712d258d58f019e3144') in 0.002291 seconds
  Import took 0.004687 seconds .

========================================================================
Received Import Request.
  Time since last request: 17.006210 seconds.
  path: Assets/Scripts/AttackedCard.cs
  artifactKey: Guid(b490b3bcd039b40fdbc19134a151d345) Importer(815301076,1909f56bfc062723c751e8b465ee728b)
Start importing Assets/Scripts/AttackedCard.cs using Guid(b490b3bcd039b40fdbc19134a151d345) Importer(815301076,1909f56bfc062723c751e8b465ee728b)  -> (artifact id: '2f08be55a292308c8e745a126e9df149') in 0.002770 seconds
  Import took 0.005378 seconds .

========================================================================
Received Prepare
Registering precompiled user dll's ...
Registered in 0.001098 seconds.
Begin MonoManager ReloadAssembly
Native extension for OSXStandalone target not found
Native extension for WebGL target not found
Refreshing native plugins compatible for Editor in 0.38 ms, found 2 plugins.
Preloading 0 native plugins for Editor in 0.00 ms.
Invoked RoslynAnalysisRunner static constructor.
RoslynAnalysisRunner will not be running.
RoslynAnalysisRunner has terminated.
Mono: successfully reloaded assembly
- Completed reload, in  2.153 seconds
Platform modules already initialized, skipping
Refreshing native plugins compatible for Editor in 0.29 ms, found 2 plugins.
Preloading 0 native plugins for Editor in 0.00 ms.
Unloading 1795 Unused Serialized files (Serialized files now loaded: 0)
System memory in use before: 175.8 MB.
System memory in use after: 175.9 MB.

Unloading 9 unused Assets to reduce memory usage. Loaded Objects now: 2355.
Total: 1.518875 ms (FindLiveObjects: 0.154667 ms CreateObjectMapping: 0.081459 ms MarkObjects: 1.194959 ms  DeleteObjects: 0.086750 ms)

========================================================================
Received Import Request.
  Time since last request: 419.238006 seconds.
  path: Assets/Scripts/AttackedCard.cs
  artifactKey: Guid(b490b3bcd039b40fdbc19134a151d345) Importer(815301076,1909f56bfc062723c751e8b465ee728b)
Start importing Assets/Scripts/AttackedCard.cs using Guid(b490b3bcd039b40fdbc19134a151d345) Importer(815301076,1909f56bfc062723c751e8b465ee728b)  -> (artifact id: '7e16f39cfb432b610c8b375f1de8dab3') in 0.018878 seconds
  Import took 0.030477 seconds .

========================================================================
Received Prepare
Registering precompiled user dll's ...
Registered in 0.003263 seconds.
Begin MonoManager ReloadAssembly
Native extension for OSXStandalone target not found
Native extension for WebGL target not found
Refreshing native plugins compatible for Editor in 0.47 ms, found 2 plugins.
Preloading 0 native plugins for Editor in 0.00 ms.
Invoked RoslynAnalysisRunner static constructor.
RoslynAnalysisRunner will not be running.
RoslynAnalysisRunner has terminated.
Mono: successfully reloaded assembly
- Completed reload, in  2.264 seconds
Platform modules already initialized, skipping
Refreshing native plugins compatible for Editor in 0.38 ms, found 2 plugins.
Preloading 0 native plugins for Editor in 0.00 ms.
Unloading 1795 Unused Serialized files (Serialized files now loaded: 0)
System memory in use before: 176.2 MB.
System memory in use after: 176.3 MB.

Unloading 9 unused Assets to reduce memory usage. Loaded Objects now: 2358.
Total: 1.549166 ms (FindLiveObjects: 0.196833 ms CreateObjectMapping: 0.082500 ms MarkObjects: 1.243791 ms  DeleteObjects: 0.025042 ms)

========================================================================
Received Import Request.
  Time since last request: 57.172219 seconds.
  path: Assets/Scripts/AttackedCard.cs
  artifactKey: Guid(b490b3bcd039b40fdbc19134a151d345) Importer(815301076,1909f56bfc062723c751e8b465ee728b)
Start importing Assets/Scripts/AttackedCard.cs using Guid(b490b3bcd039b40fdbc19134a151d345) Importer(815301076,1909f56bfc062723c751e8b465ee728b)  -> (artifact id: 'bf6f71fee1469d6ef9ebbe94dcfd5540') in 0.012854 seconds
  Import took 0.017127 seconds .

========================================================================
Received Prepare
Registering precompiled user dll's ...
Registered in 0.001886 seconds.
Begin MonoManager ReloadAssembly
Native extension for OSXStandalone target not found
Native extension for WebGL target not found
Refreshing native plugins compatible for Editor in 0.39 ms, found 2 plugins.
Preloading 0 native plugins for Editor in 0.00 ms.
Invoked RoslynAnalysisRunner static constructor.
RoslynAnalysisRunner will not be running.
RoslynAnalysisRunner has terminated.
Mono: successfully reloaded assembly
- Completed reload, in  2.270 seconds
Platform modules already initialized, skipping
Refreshing native plugins compatible for Editor in 0.37 ms, found 2 plugins.
Preloading 0 native plugins for Editor in 0.00 ms.
Unloading 1795 Unused Serialized files (Serialized files now loaded: 0)
System memory in use before: 176.6 MB.
System memory in use after: 176.7 MB.

Unloading 9 unused Assets to reduce memory usage. Loaded Objects now: 2361.
Total: 1.460292 ms (FindLiveObjects: 0.152416 ms CreateObjectMapping: 0.081292 ms MarkObjects: 1.209167 ms  DeleteObjects: 0.015792 ms)

